<?xml version="1.0" encoding="UTF-8"?>
<testsuite name="runners.VacantesRunner" tests="0" skipped="0" failures="0" errors="0" timestamp="1970-01-01T00:00:00" hostname="DOBLEU" time="0.0">
  <properties/>
  <system-out><![CDATA[
?[31mFailed scenarios:?[0m
?[31msrc/test/resources/features/VisualizarVacantes.feature:8 ?[0m# View choucair jobs

1 Scenarios (?[31m1 failed?[0m)
6 Steps (?[31m1 failed?[0m, ?[36m4 skipped?[0m, ?[32m1 passed?[0m)
0m17,218s

java.lang.StackOverflowError
	at tasks.OptionsJobs.JobsA(OptionsJobs.java:27)
	at tasks.OptionsJobs.JobsA(OptionsJobs.java:27)
	at tasks.OptionsJobs.JobsA(OptionsJobs.java:27)
	at tasks.OptionsJobs.JobsA(OptionsJobs.java:27)
	at tasks.OptionsJobs.JobsA(OptionsJobs.java:27)
	at tasks.OptionsJobs.JobsA(OptionsJobs.java:27)
	at tasks.OptionsJobs.JobsA(OptionsJobs.java:27)
	at tasks.OptionsJobs.JobsA(OptionsJobs.java:27)
	at tasks.OptionsJobs.JobsA(OptionsJobs.java:27)
	at tasks.OptionsJobs.JobsA(OptionsJobs.java:27)
	at tasks.OptionsJobs.JobsA(OptionsJobs.java:27)
	at tasks.OptionsJobs.JobsA(OptionsJobs.java:27)
	at tasks.OptionsJobs.JobsA(OptionsJobs.java:27)
	at tasks.OptionsJobs.JobsA(OptionsJobs.java:27)
	at tasks.OptionsJobs.JobsA(OptionsJobs.java:27)
	at tasks.OptionsJobs.JobsA(OptionsJobs.java:27)
	at tasks.OptionsJobs.JobsA(OptionsJobs.java:27)
	at tasks.OptionsJobs.JobsA(OptionsJobs.java:27)
	at tasks.OptionsJobs.JobsA(OptionsJobs.java:27)
	at tasks.OptionsJobs.JobsA(OptionsJobs.java:27)
	at tasks.OptionsJobs.JobsA(OptionsJobs.java:27)
	at tasks.OptionsJobs.JobsA(OptionsJobs.java:27)
	at tasks.OptionsJobs.JobsA(OptionsJobs.java:27)
	at tasks.OptionsJobs.JobsA(OptionsJobs.java:27)
	at tasks.OptionsJobs.JobsA(OptionsJobs.java:27)
	at tasks.OptionsJobs.JobsA(OptionsJobs.java:27)
	at tasks.OptionsJobs.JobsA(OptionsJobs.java:27)
	at tasks.OptionsJobs.JobsA(OptionsJobs.java:27)
	at tasks.OptionsJobs.JobsA(OptionsJobs.java:27)
	at tasks.OptionsJobs.JobsA(OptionsJobs.java:27)
	at tasks.OptionsJobs.JobsA(OptionsJobs.java:27)
	at tasks.OptionsJobs.JobsA(OptionsJobs.java:27)
	at tasks.OptionsJobs.JobsA(OptionsJobs.java:27)
	at tasks.OptionsJobs.JobsA(OptionsJobs.java:27)
	at tasks.OptionsJobs.JobsA(OptionsJobs.java:27)
	at tasks.OptionsJobs.JobsA(OptionsJobs.java:27)
	at tasks.OptionsJobs.JobsA(OptionsJobs.java:27)
	at tasks.OptionsJobs.JobsA(OptionsJobs.java:27)
	at tasks.OptionsJobs.JobsA(OptionsJobs.java:27)
	at tasks.OptionsJobs.JobsA(OptionsJobs.java:27)
	at tasks.OptionsJobs.JobsA(OptionsJobs.java:27)
	at tasks.OptionsJobs.JobsA(OptionsJobs.java:27)
	at tasks.OptionsJobs.JobsA(OptionsJobs.java:27)
	at tasks.OptionsJobs.JobsA(OptionsJobs.java:27)
	at tasks.OptionsJobs.JobsA(OptionsJobs.java:27)
	at tasks.OptionsJobs.JobsA(OptionsJobs.java:27)
	at tasks.OptionsJobs.JobsA(OptionsJobs.java:27)
	at tasks.OptionsJobs.JobsA(OptionsJobs.java:27)
	at tasks.OptionsJobs.JobsA(OptionsJobs.java:27)
	at tasks.OptionsJobs.JobsA(OptionsJobs.java:27)
	at tasks.OptionsJobs.JobsA(OptionsJobs.java:27)
	at tasks.OptionsJobs.JobsA(OptionsJobs.java:27)
	at tasks.OptionsJobs.JobsA(OptionsJobs.java:27)
	at tasks.OptionsJobs.JobsA(OptionsJobs.java:27)
	at tasks.OptionsJobs.JobsA(OptionsJobs.java:27)
	at tasks.OptionsJobs.JobsA(OptionsJobs.java:27)
	at tasks.OptionsJobs.JobsA(OptionsJobs.java:27)
	at tasks.OptionsJobs.JobsA(OptionsJobs.java:27)
	at tasks.OptionsJobs.JobsA(OptionsJobs.java:27)
	at tasks.OptionsJobs.JobsA(OptionsJobs.java:27)
	at tasks.OptionsJobs.JobsA(OptionsJobs.java:27)
	at tasks.OptionsJobs.JobsA(OptionsJobs.java:27)
	at tasks.OptionsJobs.JobsA(OptionsJobs.java:27)
	at tasks.OptionsJobs.JobsA(OptionsJobs.java:27)
	at tasks.OptionsJobs.JobsA(OptionsJobs.java:27)
	at tasks.OptionsJobs.JobsA(OptionsJobs.java:27)
	at tasks.OptionsJobs.JobsA(OptionsJobs.java:27)
	at tasks.OptionsJobs.JobsA(OptionsJobs.java:27)
	at tasks.OptionsJobs.JobsA(OptionsJobs.java:27)
	at tasks.OptionsJobs.JobsA(OptionsJobs.java:27)
	at tasks.OptionsJobs.JobsA(OptionsJobs.java:27)
	at tasks.OptionsJobs.JobsA(OptionsJobs.java:27)
	at tasks.OptionsJobs.JobsA(OptionsJobs.java:27)
	at tasks.OptionsJobs.JobsA(OptionsJobs.java:27)
	at tasks.OptionsJobs.JobsA(OptionsJobs.java:27)
	at tasks.OptionsJobs.JobsA(OptionsJobs.java:27)
	at tasks.OptionsJobs.JobsA(OptionsJobs.java:27)
	at tasks.OptionsJobs.JobsA(OptionsJobs.java:27)
	at tasks.OptionsJobs.JobsA(OptionsJobs.java:27)
	at tasks.OptionsJobs.JobsA(OptionsJobs.java:27)
	at tasks.OptionsJobs.JobsA(OptionsJobs.java:27)
	at tasks.OptionsJobs.JobsA(OptionsJobs.java:27)
	at tasks.OptionsJobs.JobsA(OptionsJobs.java:27)
	at tasks.OptionsJobs.JobsA(OptionsJobs.java:27)
	at tasks.OptionsJobs.JobsA(OptionsJobs.java:27)
	at tasks.OptionsJobs.JobsA(OptionsJobs.java:27)
	at tasks.OptionsJobs.JobsA(OptionsJobs.java:27)
	at tasks.OptionsJobs.JobsA(OptionsJobs.java:27)
	at tasks.OptionsJobs.JobsA(OptionsJobs.java:27)
	at tasks.OptionsJobs.JobsA(OptionsJobs.java:27)
	at tasks.OptionsJobs.JobsA(OptionsJobs.java:27)
	at tasks.OptionsJobs.JobsA(OptionsJobs.java:27)
	at tasks.OptionsJobs.JobsA(OptionsJobs.java:27)
	at tasks.OptionsJobs.JobsA(OptionsJobs.java:27)
	at tasks.OptionsJobs.JobsA(OptionsJobs.java:27)
	at tasks.OptionsJobs.JobsA(OptionsJobs.java:27)
	at tasks.OptionsJobs.JobsA(OptionsJobs.java:27)
	at tasks.OptionsJobs.JobsA(OptionsJobs.java:27)
	at tasks.OptionsJobs.JobsA(OptionsJobs.java:27)
	at tasks.OptionsJobs.JobsA(OptionsJobs.java:27)
	at tasks.OptionsJobs.JobsA(OptionsJobs.java:27)
	at tasks.OptionsJobs.JobsA(OptionsJobs.java:27)
	at tasks.OptionsJobs.JobsA(OptionsJobs.java:27)
	at tasks.OptionsJobs.JobsA(OptionsJobs.java:27)
	at tasks.OptionsJobs.JobsA(OptionsJobs.java:27)
	at tasks.OptionsJobs.JobsA(OptionsJobs.java:27)
	at tasks.OptionsJobs.JobsA(OptionsJobs.java:27)
	at tasks.OptionsJobs.JobsA(OptionsJobs.java:27)
	at tasks.OptionsJobs.JobsA(OptionsJobs.java:27)
	at tasks.OptionsJobs.JobsA(OptionsJobs.java:27)
	at tasks.OptionsJobs.JobsA(OptionsJobs.java:27)
	at tasks.OptionsJobs.JobsA(OptionsJobs.java:27)
	at tasks.OptionsJobs.JobsA(OptionsJobs.java:27)
	at tasks.OptionsJobs.JobsA(OptionsJobs.java:27)
	at tasks.OptionsJobs.JobsA(OptionsJobs.java:27)
	at tasks.OptionsJobs.JobsA(OptionsJobs.java:27)
	at tasks.OptionsJobs.JobsA(OptionsJobs.java:27)
	at tasks.OptionsJobs.JobsA(OptionsJobs.java:27)
	at tasks.OptionsJobs.JobsA(OptionsJobs.java:27)
	at tasks.OptionsJobs.JobsA(OptionsJobs.java:27)
	at tasks.OptionsJobs.JobsA(OptionsJobs.java:27)
	at tasks.OptionsJobs.JobsA(OptionsJobs.java:27)
	at tasks.OptionsJobs.JobsA(OptionsJobs.java:27)
	at tasks.OptionsJobs.JobsA(OptionsJobs.java:27)
	at tasks.OptionsJobs.JobsA(OptionsJobs.java:27)
	at tasks.OptionsJobs.JobsA(OptionsJobs.java:27)
	at tasks.OptionsJobs.JobsA(OptionsJobs.java:27)
	at tasks.OptionsJobs.JobsA(OptionsJobs.java:27)
	at tasks.OptionsJobs.JobsA(OptionsJobs.java:27)
	at tasks.OptionsJobs.JobsA(OptionsJobs.java:27)
	at tasks.OptionsJobs.JobsA(OptionsJobs.java:27)
	at tasks.OptionsJobs.JobsA(OptionsJobs.java:27)
	at tasks.OptionsJobs.JobsA(OptionsJobs.java:27)
	at tasks.OptionsJobs.JobsA(OptionsJobs.java:27)
	at tasks.OptionsJobs.JobsA(OptionsJobs.java:27)
	at tasks.OptionsJobs.JobsA(OptionsJobs.java:27)
	at tasks.OptionsJobs.JobsA(OptionsJobs.java:27)
	at tasks.OptionsJobs.JobsA(OptionsJobs.java:27)
	at tasks.OptionsJobs.JobsA(OptionsJobs.java:27)
	at tasks.OptionsJobs.JobsA(OptionsJobs.java:27)
	at tasks.OptionsJobs.JobsA(OptionsJobs.java:27)
	at tasks.OptionsJobs.JobsA(OptionsJobs.java:27)
	at tasks.OptionsJobs.JobsA(OptionsJobs.java:27)
	at tasks.OptionsJobs.JobsA(OptionsJobs.java:27)
	at tasks.OptionsJobs.JobsA(OptionsJobs.java:27)
	at tasks.OptionsJobs.JobsA(OptionsJobs.java:27)
	at tasks.OptionsJobs.JobsA(OptionsJobs.java:27)
	at tasks.OptionsJobs.JobsA(OptionsJobs.java:27)
	at tasks.OptionsJobs.JobsA(OptionsJobs.java:27)
	at tasks.OptionsJobs.JobsA(OptionsJobs.java:27)
	at tasks.OptionsJobs.JobsA(OptionsJobs.java:27)
	at tasks.OptionsJobs.JobsA(OptionsJobs.java:27)
	at tasks.OptionsJobs.JobsA(OptionsJobs.java:27)
	at tasks.OptionsJobs.JobsA(OptionsJobs.java:27)
	at tasks.OptionsJobs.JobsA(OptionsJobs.java:27)
	at tasks.OptionsJobs.JobsA(OptionsJobs.java:27)
	at tasks.OptionsJobs.JobsA(OptionsJobs.java:27)
	at tasks.OptionsJobs.JobsA(OptionsJobs.java:27)
	at tasks.OptionsJobs.JobsA(OptionsJobs.java:27)
	at tasks.OptionsJobs.JobsA(OptionsJobs.java:27)
	at tasks.OptionsJobs.JobsA(OptionsJobs.java:27)
	at tasks.OptionsJobs.JobsA(OptionsJobs.java:27)
	at tasks.OptionsJobs.JobsA(OptionsJobs.java:27)
	at tasks.OptionsJobs.JobsA(OptionsJobs.java:27)
	at tasks.OptionsJobs.JobsA(OptionsJobs.java:27)
	at tasks.OptionsJobs.JobsA(OptionsJobs.java:27)
	at tasks.OptionsJobs.JobsA(OptionsJobs.java:27)
	at tasks.OptionsJobs.JobsA(OptionsJobs.java:27)
	at tasks.OptionsJobs.JobsA(OptionsJobs.java:27)
	at tasks.OptionsJobs.JobsA(OptionsJobs.java:27)
	at tasks.OptionsJobs.JobsA(OptionsJobs.java:27)
	at tasks.OptionsJobs.JobsA(OptionsJobs.java:27)
	at tasks.OptionsJobs.JobsA(OptionsJobs.java:27)
	at tasks.OptionsJobs.JobsA(OptionsJobs.java:27)
	at tasks.OptionsJobs.JobsA(OptionsJobs.java:27)
	at tasks.OptionsJobs.JobsA(OptionsJobs.java:27)
	at tasks.OptionsJobs.JobsA(OptionsJobs.java:27)
	at tasks.OptionsJobs.JobsA(OptionsJobs.java:27)
	at tasks.OptionsJobs.JobsA(OptionsJobs.java:27)
	at tasks.OptionsJobs.JobsA(OptionsJobs.java:27)
	at tasks.OptionsJobs.JobsA(OptionsJobs.java:27)
	at tasks.OptionsJobs.JobsA(OptionsJobs.java:27)
	at tasks.OptionsJobs.JobsA(OptionsJobs.java:27)
	at tasks.OptionsJobs.JobsA(OptionsJobs.java:27)
	at tasks.OptionsJobs.JobsA(OptionsJobs.java:27)
	at tasks.OptionsJobs.JobsA(OptionsJobs.java:27)
	at tasks.OptionsJobs.JobsA(OptionsJobs.java:27)
	at tasks.OptionsJobs.JobsA(OptionsJobs.java:27)
	at tasks.OptionsJobs.JobsA(OptionsJobs.java:27)
	at tasks.OptionsJobs.JobsA(OptionsJobs.java:27)
	at tasks.OptionsJobs.JobsA(OptionsJobs.java:27)
	at tasks.OptionsJobs.JobsA(OptionsJobs.java:27)
	at tasks.OptionsJobs.JobsA(OptionsJobs.java:27)
	at tasks.OptionsJobs.JobsA(OptionsJobs.java:27)
	at tasks.OptionsJobs.JobsA(OptionsJobs.java:27)
	at tasks.OptionsJobs.JobsA(OptionsJobs.java:27)
	at tasks.OptionsJobs.JobsA(OptionsJobs.java:27)
	at tasks.OptionsJobs.JobsA(OptionsJobs.java:27)
	at tasks.OptionsJobs.JobsA(OptionsJobs.java:27)
	at tasks.OptionsJobs.JobsA(OptionsJobs.java:27)
	at tasks.OptionsJobs.JobsA(OptionsJobs.java:27)
	at tasks.OptionsJobs.JobsA(OptionsJobs.java:27)
	at tasks.OptionsJobs.JobsA(OptionsJobs.java:27)
	at tasks.OptionsJobs.JobsA(OptionsJobs.java:27)
	at tasks.OptionsJobs.JobsA(OptionsJobs.java:27)
	at tasks.OptionsJobs.JobsA(OptionsJobs.java:27)
	at tasks.OptionsJobs.JobsA(OptionsJobs.java:27)
	at tasks.OptionsJobs.JobsA(OptionsJobs.java:27)
	at tasks.OptionsJobs.JobsA(OptionsJobs.java:27)
	at tasks.OptionsJobs.JobsA(OptionsJobs.java:27)
	at tasks.OptionsJobs.JobsA(OptionsJobs.java:27)
	at tasks.OptionsJobs.JobsA(OptionsJobs.java:27)
	at tasks.OptionsJobs.JobsA(OptionsJobs.java:27)
	at tasks.OptionsJobs.JobsA(OptionsJobs.java:27)
	at tasks.OptionsJobs.JobsA(OptionsJobs.java:27)
	at tasks.OptionsJobs.JobsA(OptionsJobs.java:27)
	at tasks.OptionsJobs.JobsA(OptionsJobs.java:27)
	at tasks.OptionsJobs.JobsA(OptionsJobs.java:27)
	at tasks.OptionsJobs.JobsA(OptionsJobs.java:27)
	at tasks.OptionsJobs.JobsA(OptionsJobs.java:27)
	at tasks.OptionsJobs.JobsA(OptionsJobs.java:27)
	at tasks.OptionsJobs.JobsA(OptionsJobs.java:27)
	at tasks.OptionsJobs.JobsA(OptionsJobs.java:27)
	at tasks.OptionsJobs.JobsA(OptionsJobs.java:27)
	at tasks.OptionsJobs.JobsA(OptionsJobs.java:27)
	at tasks.OptionsJobs.JobsA(OptionsJobs.java:27)
	at tasks.OptionsJobs.JobsA(OptionsJobs.java:27)
	at tasks.OptionsJobs.JobsA(OptionsJobs.java:27)
	at tasks.OptionsJobs.JobsA(OptionsJobs.java:27)
	at tasks.OptionsJobs.JobsA(OptionsJobs.java:27)
	at tasks.OptionsJobs.JobsA(OptionsJobs.java:27)
	at tasks.OptionsJobs.JobsA(OptionsJobs.java:27)
	at tasks.OptionsJobs.JobsA(OptionsJobs.java:27)
	at tasks.OptionsJobs.JobsA(OptionsJobs.java:27)
	at tasks.OptionsJobs.JobsA(OptionsJobs.java:27)
	at tasks.OptionsJobs.JobsA(OptionsJobs.java:27)
	at tasks.OptionsJobs.JobsA(OptionsJobs.java:27)
	at tasks.OptionsJobs.JobsA(OptionsJobs.java:27)
	at tasks.OptionsJobs.JobsA(OptionsJobs.java:27)
	at tasks.OptionsJobs.JobsA(OptionsJobs.java:27)
	at tasks.OptionsJobs.JobsA(OptionsJobs.java:27)
	at tasks.OptionsJobs.JobsA(OptionsJobs.java:27)
	at tasks.OptionsJobs.JobsA(OptionsJobs.java:27)
	at tasks.OptionsJobs.JobsA(OptionsJobs.java:27)
	at tasks.OptionsJobs.JobsA(OptionsJobs.java:27)
	at tasks.OptionsJobs.JobsA(OptionsJobs.java:27)
	at tasks.OptionsJobs.JobsA(OptionsJobs.java:27)
	at tasks.OptionsJobs.JobsA(OptionsJobs.java:27)
	at tasks.OptionsJobs.JobsA(OptionsJobs.java:27)
	at tasks.OptionsJobs.JobsA(OptionsJobs.java:27)
	at tasks.OptionsJobs.JobsA(OptionsJobs.java:27)
	at tasks.OptionsJobs.JobsA(OptionsJobs.java:27)
	at tasks.OptionsJobs.JobsA(OptionsJobs.java:27)
	at tasks.OptionsJobs.JobsA(OptionsJobs.java:27)
	at tasks.OptionsJobs.JobsA(OptionsJobs.java:27)
	at tasks.OptionsJobs.JobsA(OptionsJobs.java:27)
	at tasks.OptionsJobs.JobsA(OptionsJobs.java:27)
	at tasks.OptionsJobs.JobsA(OptionsJobs.java:27)
	at tasks.OptionsJobs.JobsA(OptionsJobs.java:27)
	at tasks.OptionsJobs.JobsA(OptionsJobs.java:27)
	at tasks.OptionsJobs.JobsA(OptionsJobs.java:27)
	at tasks.OptionsJobs.JobsA(OptionsJobs.java:27)
	at tasks.OptionsJobs.JobsA(OptionsJobs.java:27)
	at tasks.OptionsJobs.JobsA(OptionsJobs.java:27)
	at tasks.OptionsJobs.JobsA(OptionsJobs.java:27)
	at tasks.OptionsJobs.JobsA(OptionsJobs.java:27)
	at tasks.OptionsJobs.JobsA(OptionsJobs.java:27)
	at tasks.OptionsJobs.JobsA(OptionsJobs.java:27)
	at tasks.OptionsJobs.JobsA(OptionsJobs.java:27)
	at tasks.OptionsJobs.JobsA(OptionsJobs.java:27)
	at tasks.OptionsJobs.JobsA(OptionsJobs.java:27)
	at tasks.OptionsJobs.JobsA(OptionsJobs.java:27)
	at tasks.OptionsJobs.JobsA(OptionsJobs.java:27)
	at tasks.OptionsJobs.JobsA(OptionsJobs.java:27)
	at tasks.OptionsJobs.JobsA(OptionsJobs.java:27)
	at tasks.OptionsJobs.JobsA(OptionsJobs.java:27)
	at tasks.OptionsJobs.JobsA(OptionsJobs.java:27)
	at tasks.OptionsJobs.JobsA(OptionsJobs.java:27)
	at tasks.OptionsJobs.JobsA(OptionsJobs.java:27)
	at tasks.OptionsJobs.JobsA(OptionsJobs.java:27)
	at tasks.OptionsJobs.JobsA(OptionsJobs.java:27)
	at tasks.OptionsJobs.JobsA(OptionsJobs.java:27)
	at tasks.OptionsJobs.JobsA(OptionsJobs.java:27)
	at tasks.OptionsJobs.JobsA(OptionsJobs.java:27)
	at tasks.OptionsJobs.JobsA(OptionsJobs.java:27)
	at tasks.OptionsJobs.JobsA(OptionsJobs.java:27)
	at tasks.OptionsJobs.JobsA(OptionsJobs.java:27)
	at tasks.OptionsJobs.JobsA(OptionsJobs.java:27)
	at tasks.OptionsJobs.JobsA(OptionsJobs.java:27)
	at tasks.OptionsJobs.JobsA(OptionsJobs.java:27)
	at tasks.OptionsJobs.JobsA(OptionsJobs.java:27)
	at tasks.OptionsJobs.JobsA(OptionsJobs.java:27)
	at tasks.OptionsJobs.JobsA(OptionsJobs.java:27)
	at tasks.OptionsJobs.JobsA(OptionsJobs.java:27)
	at tasks.OptionsJobs.JobsA(OptionsJobs.java:27)
	at tasks.OptionsJobs.JobsA(OptionsJobs.java:27)
	at tasks.OptionsJobs.JobsA(OptionsJobs.java:27)
	at tasks.OptionsJobs.JobsA(OptionsJobs.java:27)
	at tasks.OptionsJobs.JobsA(OptionsJobs.java:27)
	at tasks.OptionsJobs.JobsA(OptionsJobs.java:27)
	at tasks.OptionsJobs.JobsA(OptionsJobs.java:27)
	at tasks.OptionsJobs.JobsA(OptionsJobs.java:27)
	at tasks.OptionsJobs.JobsA(OptionsJobs.java:27)
	at tasks.OptionsJobs.JobsA(OptionsJobs.java:27)
	at tasks.OptionsJobs.JobsA(OptionsJobs.java:27)
	at tasks.OptionsJobs.JobsA(OptionsJobs.java:27)
	at tasks.OptionsJobs.JobsA(OptionsJobs.java:27)
	at tasks.OptionsJobs.JobsA(OptionsJobs.java:27)
	at tasks.OptionsJobs.JobsA(OptionsJobs.java:27)
	at tasks.OptionsJobs.JobsA(OptionsJobs.java:27)
	at tasks.OptionsJobs.JobsA(OptionsJobs.java:27)
	at tasks.OptionsJobs.JobsA(OptionsJobs.java:27)
	at tasks.OptionsJobs.JobsA(OptionsJobs.java:27)
	at tasks.OptionsJobs.JobsA(OptionsJobs.java:27)
	at tasks.OptionsJobs.JobsA(OptionsJobs.java:27)
	at tasks.OptionsJobs.JobsA(OptionsJobs.java:27)
	at tasks.OptionsJobs.JobsA(OptionsJobs.java:27)
	at tasks.OptionsJobs.JobsA(OptionsJobs.java:27)
	at tasks.OptionsJobs.JobsA(OptionsJobs.java:27)
	at tasks.OptionsJobs.JobsA(OptionsJobs.java:27)
	at tasks.OptionsJobs.JobsA(OptionsJobs.java:27)
	at tasks.OptionsJobs.JobsA(OptionsJobs.java:27)
	at tasks.OptionsJobs.JobsA(OptionsJobs.java:27)
	at tasks.OptionsJobs.JobsA(OptionsJobs.java:27)
	at tasks.OptionsJobs.JobsA(OptionsJobs.java:27)
	at tasks.OptionsJobs.JobsA(OptionsJobs.java:27)
	at tasks.OptionsJobs.JobsA(OptionsJobs.java:27)
	at tasks.OptionsJobs.JobsA(OptionsJobs.java:27)
	at tasks.OptionsJobs.JobsA(OptionsJobs.java:27)
	at tasks.OptionsJobs.JobsA(OptionsJobs.java:27)
	at tasks.OptionsJobs.JobsA(OptionsJobs.java:27)
	at tasks.OptionsJobs.JobsA(OptionsJobs.java:27)
	at tasks.OptionsJobs.JobsA(OptionsJobs.java:27)
	at tasks.OptionsJobs.JobsA(OptionsJobs.java:27)
	at tasks.OptionsJobs.JobsA(OptionsJobs.java:27)
	at tasks.OptionsJobs.JobsA(OptionsJobs.java:27)
	at tasks.OptionsJobs.JobsA(OptionsJobs.java:27)
	at tasks.OptionsJobs.JobsA(OptionsJobs.java:27)
	at tasks.OptionsJobs.JobsA(OptionsJobs.java:27)
	at tasks.OptionsJobs.JobsA(OptionsJobs.java:27)
	at tasks.OptionsJobs.JobsA(OptionsJobs.java:27)
	at tasks.OptionsJobs.JobsA(OptionsJobs.java:27)
	at tasks.OptionsJobs.JobsA(OptionsJobs.java:27)
	at tasks.OptionsJobs.JobsA(OptionsJobs.java:27)
	at tasks.OptionsJobs.JobsA(OptionsJobs.java:27)
	at tasks.OptionsJobs.JobsA(OptionsJobs.java:27)
	at tasks.OptionsJobs.JobsA(OptionsJobs.java:27)
	at tasks.OptionsJobs.JobsA(OptionsJobs.java:27)
	at tasks.OptionsJobs.JobsA(OptionsJobs.java:27)
	at tasks.OptionsJobs.JobsA(OptionsJobs.java:27)
	at tasks.OptionsJobs.JobsA(OptionsJobs.java:27)
	at tasks.OptionsJobs.JobsA(OptionsJobs.java:27)
	at tasks.OptionsJobs.JobsA(OptionsJobs.java:27)
	at tasks.OptionsJobs.JobsA(OptionsJobs.java:27)
	at tasks.OptionsJobs.JobsA(OptionsJobs.java:27)
	at tasks.OptionsJobs.JobsA(OptionsJobs.java:27)
	at tasks.OptionsJobs.JobsA(OptionsJobs.java:27)
	at tasks.OptionsJobs.JobsA(OptionsJobs.java:27)
	at tasks.OptionsJobs.JobsA(OptionsJobs.java:27)
	at tasks.OptionsJobs.JobsA(OptionsJobs.java:27)
	at tasks.OptionsJobs.JobsA(OptionsJobs.java:27)
	at tasks.OptionsJobs.JobsA(OptionsJobs.java:27)
	at tasks.OptionsJobs.JobsA(OptionsJobs.java:27)
	at tasks.OptionsJobs.JobsA(OptionsJobs.java:27)
	at tasks.OptionsJobs.JobsA(OptionsJobs.java:27)
	at tasks.OptionsJobs.JobsA(OptionsJobs.java:27)
	at tasks.OptionsJobs.JobsA(OptionsJobs.java:27)
	at tasks.OptionsJobs.JobsA(OptionsJobs.java:27)
	at tasks.OptionsJobs.JobsA(OptionsJobs.java:27)
	at tasks.OptionsJobs.JobsA(OptionsJobs.java:27)
	at tasks.OptionsJobs.JobsA(OptionsJobs.java:27)
	at tasks.OptionsJobs.JobsA(OptionsJobs.java:27)
	at tasks.OptionsJobs.JobsA(OptionsJobs.java:27)
	at tasks.OptionsJobs.JobsA(OptionsJobs.java:27)
	at tasks.OptionsJobs.JobsA(OptionsJobs.java:27)
	at tasks.OptionsJobs.JobsA(OptionsJobs.java:27)
	at tasks.OptionsJobs.JobsA(OptionsJobs.java:27)
	at tasks.OptionsJobs.JobsA(OptionsJobs.java:27)
	at tasks.OptionsJobs.JobsA(OptionsJobs.java:27)
	at tasks.OptionsJobs.JobsA(OptionsJobs.java:27)
	at tasks.OptionsJobs.JobsA(OptionsJobs.java:27)
	at tasks.OptionsJobs.JobsA(OptionsJobs.java:27)
	at tasks.OptionsJobs.JobsA(OptionsJobs.java:27)
	at tasks.OptionsJobs.JobsA(OptionsJobs.java:27)
	at tasks.OptionsJobs.JobsA(OptionsJobs.java:27)
	at tasks.OptionsJobs.JobsA(OptionsJobs.java:27)
	at tasks.OptionsJobs.JobsA(OptionsJobs.java:27)
	at tasks.OptionsJobs.JobsA(OptionsJobs.java:27)
	at tasks.OptionsJobs.JobsA(OptionsJobs.java:27)
	at tasks.OptionsJobs.JobsA(OptionsJobs.java:27)
	at tasks.OptionsJobs.JobsA(OptionsJobs.java:27)
	at tasks.OptionsJobs.JobsA(OptionsJobs.java:27)
	at tasks.OptionsJobs.JobsA(OptionsJobs.java:27)
	at tasks.OptionsJobs.JobsA(OptionsJobs.java:27)
	at tasks.OptionsJobs.JobsA(OptionsJobs.java:27)
	at tasks.OptionsJobs.JobsA(OptionsJobs.java:27)
	at tasks.OptionsJobs.JobsA(OptionsJobs.java:27)
	at tasks.OptionsJobs.JobsA(OptionsJobs.java:27)
	at tasks.OptionsJobs.JobsA(OptionsJobs.java:27)
	at tasks.OptionsJobs.JobsA(OptionsJobs.java:27)
	at tasks.OptionsJobs.JobsA(OptionsJobs.java:27)
	at tasks.OptionsJobs.JobsA(OptionsJobs.java:27)
	at tasks.OptionsJobs.JobsA(OptionsJobs.java:27)
	at tasks.OptionsJobs.JobsA(OptionsJobs.java:27)
	at tasks.OptionsJobs.JobsA(OptionsJobs.java:27)
	at tasks.OptionsJobs.JobsA(OptionsJobs.java:27)
	at tasks.OptionsJobs.JobsA(OptionsJobs.java:27)
	at tasks.OptionsJobs.JobsA(OptionsJobs.java:27)
	at tasks.OptionsJobs.JobsA(OptionsJobs.java:27)
	at tasks.OptionsJobs.JobsA(OptionsJobs.java:27)
	at tasks.OptionsJobs.JobsA(OptionsJobs.java:27)
	at tasks.OptionsJobs.JobsA(OptionsJobs.java:27)
	at tasks.OptionsJobs.JobsA(OptionsJobs.java:27)
	at tasks.OptionsJobs.JobsA(OptionsJobs.java:27)
	at tasks.OptionsJobs.JobsA(OptionsJobs.java:27)
	at tasks.OptionsJobs.JobsA(OptionsJobs.java:27)
	at tasks.OptionsJobs.JobsA(OptionsJobs.java:27)
	at tasks.OptionsJobs.JobsA(OptionsJobs.java:27)
	at tasks.OptionsJobs.JobsA(OptionsJobs.java:27)
	at tasks.OptionsJobs.JobsA(OptionsJobs.java:27)
	at tasks.OptionsJobs.JobsA(OptionsJobs.java:27)
	at tasks.OptionsJobs.JobsA(OptionsJobs.java:27)
	at tasks.OptionsJobs.JobsA(OptionsJobs.java:27)
	at tasks.OptionsJobs.JobsA(OptionsJobs.java:27)
	at tasks.OptionsJobs.JobsA(OptionsJobs.java:27)
	at tasks.OptionsJobs.JobsA(OptionsJobs.java:27)
	at tasks.OptionsJobs.JobsA(OptionsJobs.java:27)
	at tasks.OptionsJobs.JobsA(OptionsJobs.java:27)
	at tasks.OptionsJobs.JobsA(OptionsJobs.java:27)
	at tasks.OptionsJobs.JobsA(OptionsJobs.java:27)
	at tasks.OptionsJobs.JobsA(OptionsJobs.java:27)
	at tasks.OptionsJobs.JobsA(OptionsJobs.java:27)
	at tasks.OptionsJobs.JobsA(OptionsJobs.java:27)
	at tasks.OptionsJobs.JobsA(OptionsJobs.java:27)
	at tasks.OptionsJobs.JobsA(OptionsJobs.java:27)
	at tasks.OptionsJobs.JobsA(OptionsJobs.java:27)
	at tasks.OptionsJobs.JobsA(OptionsJobs.java:27)
	at tasks.OptionsJobs.JobsA(OptionsJobs.java:27)
	at tasks.OptionsJobs.JobsA(OptionsJobs.java:27)
	at tasks.OptionsJobs.JobsA(OptionsJobs.java:27)
	at tasks.OptionsJobs.JobsA(OptionsJobs.java:27)
	at tasks.OptionsJobs.JobsA(OptionsJobs.java:27)
	at tasks.OptionsJobs.JobsA(OptionsJobs.java:27)
	at tasks.OptionsJobs.JobsA(OptionsJobs.java:27)
	at tasks.OptionsJobs.JobsA(OptionsJobs.java:27)
	at tasks.OptionsJobs.JobsA(OptionsJobs.java:27)
	at tasks.OptionsJobs.JobsA(OptionsJobs.java:27)
	at tasks.OptionsJobs.JobsA(OptionsJobs.java:27)
	at tasks.OptionsJobs.JobsA(OptionsJobs.java:27)
	at tasks.OptionsJobs.JobsA(OptionsJobs.java:27)
	at tasks.OptionsJobs.JobsA(OptionsJobs.java:27)
	at tasks.OptionsJobs.JobsA(OptionsJobs.java:27)
	at tasks.OptionsJobs.JobsA(OptionsJobs.java:27)
	at tasks.OptionsJobs.JobsA(OptionsJobs.java:27)
	at tasks.OptionsJobs.JobsA(OptionsJobs.java:27)
	at tasks.OptionsJobs.JobsA(OptionsJobs.java:27)
	at tasks.OptionsJobs.JobsA(OptionsJobs.java:27)
	at tasks.OptionsJobs.JobsA(OptionsJobs.java:27)
	at tasks.OptionsJobs.JobsA(OptionsJobs.java:27)
	at tasks.OptionsJobs.JobsA(OptionsJobs.java:27)
	at tasks.OptionsJobs.JobsA(OptionsJobs.java:27)
	at tasks.OptionsJobs.JobsA(OptionsJobs.java:27)
	at tasks.OptionsJobs.JobsA(OptionsJobs.java:27)
	at tasks.OptionsJobs.JobsA(OptionsJobs.java:27)
	at tasks.OptionsJobs.JobsA(OptionsJobs.java:27)
	at tasks.OptionsJobs.JobsA(OptionsJobs.java:27)
	at tasks.OptionsJobs.JobsA(OptionsJobs.java:27)
	at tasks.OptionsJobs.JobsA(OptionsJobs.java:27)
	at tasks.OptionsJobs.JobsA(OptionsJobs.java:27)
	at tasks.OptionsJobs.JobsA(OptionsJobs.java:27)
	at tasks.OptionsJobs.JobsA(OptionsJobs.java:27)
	at tasks.OptionsJobs.JobsA(OptionsJobs.java:27)
	at tasks.OptionsJobs.JobsA(OptionsJobs.java:27)
	at tasks.OptionsJobs.JobsA(OptionsJobs.java:27)
	at tasks.OptionsJobs.JobsA(OptionsJobs.java:27)
	at tasks.OptionsJobs.JobsA(OptionsJobs.java:27)
	at tasks.OptionsJobs.JobsA(OptionsJobs.java:27)
	at tasks.OptionsJobs.JobsA(OptionsJobs.java:27)
	at tasks.OptionsJobs.JobsA(OptionsJobs.java:27)
	at tasks.OptionsJobs.JobsA(OptionsJobs.java:27)
	at tasks.OptionsJobs.JobsA(OptionsJobs.java:27)
	at tasks.OptionsJobs.JobsA(OptionsJobs.java:27)
	at tasks.OptionsJobs.JobsA(OptionsJobs.java:27)
	at tasks.OptionsJobs.JobsA(OptionsJobs.java:27)
	at tasks.OptionsJobs.JobsA(OptionsJobs.java:27)
	at tasks.OptionsJobs.JobsA(OptionsJobs.java:27)
	at tasks.OptionsJobs.JobsA(OptionsJobs.java:27)
	at tasks.OptionsJobs.JobsA(OptionsJobs.java:27)
	at tasks.OptionsJobs.JobsA(OptionsJobs.java:27)
	at tasks.OptionsJobs.JobsA(OptionsJobs.java:27)
	at tasks.OptionsJobs.JobsA(OptionsJobs.java:27)
	at tasks.OptionsJobs.JobsA(OptionsJobs.java:27)
	at tasks.OptionsJobs.JobsA(OptionsJobs.java:27)
	at tasks.OptionsJobs.JobsA(OptionsJobs.java:27)
	at tasks.OptionsJobs.JobsA(OptionsJobs.java:27)
	at tasks.OptionsJobs.JobsA(OptionsJobs.java:27)
	at tasks.OptionsJobs.JobsA(OptionsJobs.java:27)
	at tasks.OptionsJobs.JobsA(OptionsJobs.java:27)
	at tasks.OptionsJobs.JobsA(OptionsJobs.java:27)
	at tasks.OptionsJobs.JobsA(OptionsJobs.java:27)
	at tasks.OptionsJobs.JobsA(OptionsJobs.java:27)
	at tasks.OptionsJobs.JobsA(OptionsJobs.java:27)
	at tasks.OptionsJobs.JobsA(OptionsJobs.java:27)
	at tasks.OptionsJobs.JobsA(OptionsJobs.java:27)
	at tasks.OptionsJobs.JobsA(OptionsJobs.java:27)
	at tasks.OptionsJobs.JobsA(OptionsJobs.java:27)
	at tasks.OptionsJobs.JobsA(OptionsJobs.java:27)
	at tasks.OptionsJobs.JobsA(OptionsJobs.java:27)
	at tasks.OptionsJobs.JobsA(OptionsJobs.java:27)
	at tasks.OptionsJobs.JobsA(OptionsJobs.java:27)
	at tasks.OptionsJobs.JobsA(OptionsJobs.java:27)
	at tasks.OptionsJobs.JobsA(OptionsJobs.java:27)
	at tasks.OptionsJobs.JobsA(OptionsJobs.java:27)
	at tasks.OptionsJobs.JobsA(OptionsJobs.java:27)
	at tasks.OptionsJobs.JobsA(OptionsJobs.java:27)
	at tasks.OptionsJobs.JobsA(OptionsJobs.java:27)
	at tasks.OptionsJobs.JobsA(OptionsJobs.java:27)
	at tasks.OptionsJobs.JobsA(OptionsJobs.java:27)
	at tasks.OptionsJobs.JobsA(OptionsJobs.java:27)
	at tasks.OptionsJobs.JobsA(OptionsJobs.java:27)
	at tasks.OptionsJobs.JobsA(OptionsJobs.java:27)
	at tasks.OptionsJobs.JobsA(OptionsJobs.java:27)
	at tasks.OptionsJobs.JobsA(OptionsJobs.java:27)
	at tasks.OptionsJobs.JobsA(OptionsJobs.java:27)
	at tasks.OptionsJobs.JobsA(OptionsJobs.java:27)
	at tasks.OptionsJobs.JobsA(OptionsJobs.java:27)
	at tasks.OptionsJobs.JobsA(OptionsJobs.java:27)
	at tasks.OptionsJobs.JobsA(OptionsJobs.java:27)
	at tasks.OptionsJobs.JobsA(OptionsJobs.java:27)
	at tasks.OptionsJobs.JobsA(OptionsJobs.java:27)
	at tasks.OptionsJobs.JobsA(OptionsJobs.java:27)
	at tasks.OptionsJobs.JobsA(OptionsJobs.java:27)
	at tasks.OptionsJobs.JobsA(OptionsJobs.java:27)
	at tasks.OptionsJobs.JobsA(OptionsJobs.java:27)
	at tasks.OptionsJobs.JobsA(OptionsJobs.java:27)
	at tasks.OptionsJobs.JobsA(OptionsJobs.java:27)
	at tasks.OptionsJobs.JobsA(OptionsJobs.java:27)
	at tasks.OptionsJobs.JobsA(OptionsJobs.java:27)
	at tasks.OptionsJobs.JobsA(OptionsJobs.java:27)
	at tasks.OptionsJobs.JobsA(OptionsJobs.java:27)
	at tasks.OptionsJobs.JobsA(OptionsJobs.java:27)
	at tasks.OptionsJobs.JobsA(OptionsJobs.java:27)
	at tasks.OptionsJobs.JobsA(OptionsJobs.java:27)
	at tasks.OptionsJobs.JobsA(OptionsJobs.java:27)
	at tasks.OptionsJobs.JobsA(OptionsJobs.java:27)
	at tasks.OptionsJobs.JobsA(OptionsJobs.java:27)
	at tasks.OptionsJobs.JobsA(OptionsJobs.java:27)
	at tasks.OptionsJobs.JobsA(OptionsJobs.java:27)
	at tasks.OptionsJobs.JobsA(OptionsJobs.java:27)
	at tasks.OptionsJobs.JobsA(OptionsJobs.java:27)
	at tasks.OptionsJobs.JobsA(OptionsJobs.java:27)
	at tasks.OptionsJobs.JobsA(OptionsJobs.java:27)
	at tasks.OptionsJobs.JobsA(OptionsJobs.java:27)
	at tasks.OptionsJobs.JobsA(OptionsJobs.java:27)
	at tasks.OptionsJobs.JobsA(OptionsJobs.java:27)
	at tasks.OptionsJobs.JobsA(OptionsJobs.java:27)
	at tasks.OptionsJobs.JobsA(OptionsJobs.java:27)
	at tasks.OptionsJobs.JobsA(OptionsJobs.java:27)
	at tasks.OptionsJobs.JobsA(OptionsJobs.java:27)
	at tasks.OptionsJobs.JobsA(OptionsJobs.java:27)
	at tasks.OptionsJobs.JobsA(OptionsJobs.java:27)
	at tasks.OptionsJobs.JobsA(OptionsJobs.java:27)
	at tasks.OptionsJobs.JobsA(OptionsJobs.java:27)
	at tasks.OptionsJobs.JobsA(OptionsJobs.java:27)
	at tasks.OptionsJobs.JobsA(OptionsJobs.java:27)
	at tasks.OptionsJobs.JobsA(OptionsJobs.java:27)
	at tasks.OptionsJobs.JobsA(OptionsJobs.java:27)
	at tasks.OptionsJobs.JobsA(OptionsJobs.java:27)
	at tasks.OptionsJobs.JobsA(OptionsJobs.java:27)
	at tasks.OptionsJobs.JobsA(OptionsJobs.java:27)
	at tasks.OptionsJobs.JobsA(OptionsJobs.java:27)
	at tasks.OptionsJobs.JobsA(OptionsJobs.java:27)
	at tasks.OptionsJobs.JobsA(OptionsJobs.java:27)
	at tasks.OptionsJobs.JobsA(OptionsJobs.java:27)
	at tasks.OptionsJobs.JobsA(OptionsJobs.java:27)
	at tasks.OptionsJobs.JobsA(OptionsJobs.java:27)
	at tasks.OptionsJobs.JobsA(OptionsJobs.java:27)
	at tasks.OptionsJobs.JobsA(OptionsJobs.java:27)
	at tasks.OptionsJobs.JobsA(OptionsJobs.java:27)
	at tasks.OptionsJobs.JobsA(OptionsJobs.java:27)
	at tasks.OptionsJobs.JobsA(OptionsJobs.java:27)
	at tasks.OptionsJobs.JobsA(OptionsJobs.java:27)
	at tasks.OptionsJobs.JobsA(OptionsJobs.java:27)
	at tasks.OptionsJobs.JobsA(OptionsJobs.java:27)
	at tasks.OptionsJobs.JobsA(OptionsJobs.java:27)
	at tasks.OptionsJobs.JobsA(OptionsJobs.java:27)
	at tasks.OptionsJobs.JobsA(OptionsJobs.java:27)
	at tasks.OptionsJobs.JobsA(OptionsJobs.java:27)
	at tasks.OptionsJobs.JobsA(OptionsJobs.java:27)
	at tasks.OptionsJobs.JobsA(OptionsJobs.java:27)
	at tasks.OptionsJobs.JobsA(OptionsJobs.java:27)
	at tasks.OptionsJobs.JobsA(OptionsJobs.java:27)
	at tasks.OptionsJobs.JobsA(OptionsJobs.java:27)
	at tasks.OptionsJobs.JobsA(OptionsJobs.java:27)
	at tasks.OptionsJobs.JobsA(OptionsJobs.java:27)
	at tasks.OptionsJobs.JobsA(OptionsJobs.java:27)
	at tasks.OptionsJobs.JobsA(OptionsJobs.java:27)
	at tasks.OptionsJobs.JobsA(OptionsJobs.java:27)
	at tasks.OptionsJobs.JobsA(OptionsJobs.java:27)
	at tasks.OptionsJobs.JobsA(OptionsJobs.java:27)
	at tasks.OptionsJobs.JobsA(OptionsJobs.java:27)
	at tasks.OptionsJobs.JobsA(OptionsJobs.java:27)
	at tasks.OptionsJobs.JobsA(OptionsJobs.java:27)
	at tasks.OptionsJobs.JobsA(OptionsJobs.java:27)
	at tasks.OptionsJobs.JobsA(OptionsJobs.java:27)
	at tasks.OptionsJobs.JobsA(OptionsJobs.java:27)
	at tasks.OptionsJobs.JobsA(OptionsJobs.java:27)
	at tasks.OptionsJobs.JobsA(OptionsJobs.java:27)
	at tasks.OptionsJobs.JobsA(OptionsJobs.java:27)
	at tasks.OptionsJobs.JobsA(OptionsJobs.java:27)
	at tasks.OptionsJobs.JobsA(OptionsJobs.java:27)
	at tasks.OptionsJobs.JobsA(OptionsJobs.java:27)
	at tasks.OptionsJobs.JobsA(OptionsJobs.java:27)
	at tasks.OptionsJobs.JobsA(OptionsJobs.java:27)
	at tasks.OptionsJobs.JobsA(OptionsJobs.java:27)
	at tasks.OptionsJobs.JobsA(OptionsJobs.java:27)
	at tasks.OptionsJobs.JobsA(OptionsJobs.java:27)
	at tasks.OptionsJobs.JobsA(OptionsJobs.java:27)
	at tasks.OptionsJobs.JobsA(OptionsJobs.java:27)
	at tasks.OptionsJobs.JobsA(OptionsJobs.java:27)
	at tasks.OptionsJobs.JobsA(OptionsJobs.java:27)
	at tasks.OptionsJobs.JobsA(OptionsJobs.java:27)
	at tasks.OptionsJobs.JobsA(OptionsJobs.java:27)
	at tasks.OptionsJobs.JobsA(OptionsJobs.java:27)
	at tasks.OptionsJobs.JobsA(OptionsJobs.java:27)
	at tasks.OptionsJobs.JobsA(OptionsJobs.java:27)
	at tasks.OptionsJobs.JobsA(OptionsJobs.java:27)
	at tasks.OptionsJobs.JobsA(OptionsJobs.java:27)
	at tasks.OptionsJobs.JobsA(OptionsJobs.java:27)
	at tasks.OptionsJobs.JobsA(OptionsJobs.java:27)
	at tasks.OptionsJobs.JobsA(OptionsJobs.java:27)
	at tasks.OptionsJobs.JobsA(OptionsJobs.java:27)
	at tasks.OptionsJobs.JobsA(OptionsJobs.java:27)
	at tasks.OptionsJobs.JobsA(OptionsJobs.java:27)
	at tasks.OptionsJobs.JobsA(OptionsJobs.java:27)
	at tasks.OptionsJobs.JobsA(OptionsJobs.java:27)
	at tasks.OptionsJobs.JobsA(OptionsJobs.java:27)
	at tasks.OptionsJobs.JobsA(OptionsJobs.java:27)
	at tasks.OptionsJobs.JobsA(OptionsJobs.java:27)
	at tasks.OptionsJobs.JobsA(OptionsJobs.java:27)
	at tasks.OptionsJobs.JobsA(OptionsJobs.java:27)
	at tasks.OptionsJobs.JobsA(OptionsJobs.java:27)
	at tasks.OptionsJobs.JobsA(OptionsJobs.java:27)
	at tasks.OptionsJobs.JobsA(OptionsJobs.java:27)
	at tasks.OptionsJobs.JobsA(OptionsJobs.java:27)
	at tasks.OptionsJobs.JobsA(OptionsJobs.java:27)
	at tasks.OptionsJobs.JobsA(OptionsJobs.java:27)
	at tasks.OptionsJobs.JobsA(OptionsJobs.java:27)
	at tasks.OptionsJobs.JobsA(OptionsJobs.java:27)
	at tasks.OptionsJobs.JobsA(OptionsJobs.java:27)
	at tasks.OptionsJobs.JobsA(OptionsJobs.java:27)
	at tasks.OptionsJobs.JobsA(OptionsJobs.java:27)
	at tasks.OptionsJobs.JobsA(OptionsJobs.java:27)
	at tasks.OptionsJobs.JobsA(OptionsJobs.java:27)
	at tasks.OptionsJobs.JobsA(OptionsJobs.java:27)
	at tasks.OptionsJobs.JobsA(OptionsJobs.java:27)
	at tasks.OptionsJobs.JobsA(OptionsJobs.java:27)
	at tasks.OptionsJobs.JobsA(OptionsJobs.java:27)
	at tasks.OptionsJobs.JobsA(OptionsJobs.java:27)
	at tasks.OptionsJobs.JobsA(OptionsJobs.java:27)
	at tasks.OptionsJobs.JobsA(OptionsJobs.java:27)
	at tasks.OptionsJobs.JobsA(OptionsJobs.java:27)
	at tasks.OptionsJobs.JobsA(OptionsJobs.java:27)
	at tasks.OptionsJobs.JobsA(OptionsJobs.java:27)
	at tasks.OptionsJobs.JobsA(OptionsJobs.java:27)
	at tasks.OptionsJobs.JobsA(OptionsJobs.java:27)
	at tasks.OptionsJobs.JobsA(OptionsJobs.java:27)
	at tasks.OptionsJobs.JobsA(OptionsJobs.java:27)
	at tasks.OptionsJobs.JobsA(OptionsJobs.java:27)
	at tasks.OptionsJobs.JobsA(OptionsJobs.java:27)
	at tasks.OptionsJobs.JobsA(OptionsJobs.java:27)
	at tasks.OptionsJobs.JobsA(OptionsJobs.java:27)
	at tasks.OptionsJobs.JobsA(OptionsJobs.java:27)
	at tasks.OptionsJobs.JobsA(OptionsJobs.java:27)
	at tasks.OptionsJobs.JobsA(OptionsJobs.java:27)
	at tasks.OptionsJobs.JobsA(OptionsJobs.java:27)
	at tasks.OptionsJobs.JobsA(OptionsJobs.java:27)
	at tasks.OptionsJobs.JobsA(OptionsJobs.java:27)
	at tasks.OptionsJobs.JobsA(OptionsJobs.java:27)
	at tasks.OptionsJobs.JobsA(OptionsJobs.java:27)
	at tasks.OptionsJobs.JobsA(OptionsJobs.java:27)
	at tasks.OptionsJobs.JobsA(OptionsJobs.java:27)
	at tasks.OptionsJobs.JobsA(OptionsJobs.java:27)
	at tasks.OptionsJobs.JobsA(OptionsJobs.java:27)
	at tasks.OptionsJobs.JobsA(OptionsJobs.java:27)
	at tasks.OptionsJobs.JobsA(OptionsJobs.java:27)
	at tasks.OptionsJobs.JobsA(OptionsJobs.java:27)
	at tasks.OptionsJobs.JobsA(OptionsJobs.java:27)
	at tasks.OptionsJobs.JobsA(OptionsJobs.java:27)
	at tasks.OptionsJobs.JobsA(OptionsJobs.java:27)
	at tasks.OptionsJobs.JobsA(OptionsJobs.java:27)
	at tasks.OptionsJobs.JobsA(OptionsJobs.java:27)
	at tasks.OptionsJobs.JobsA(OptionsJobs.java:27)
	at tasks.OptionsJobs.JobsA(OptionsJobs.java:27)
	at tasks.OptionsJobs.JobsA(OptionsJobs.java:27)
	at tasks.OptionsJobs.JobsA(OptionsJobs.java:27)
	at tasks.OptionsJobs.JobsA(OptionsJobs.java:27)
	at tasks.OptionsJobs.JobsA(OptionsJobs.java:27)
	at tasks.OptionsJobs.JobsA(OptionsJobs.java:27)
	at tasks.OptionsJobs.JobsA(OptionsJobs.java:27)
	at tasks.OptionsJobs.JobsA(OptionsJobs.java:27)
	at tasks.OptionsJobs.JobsA(OptionsJobs.java:27)
	at tasks.OptionsJobs.JobsA(OptionsJobs.java:27)
	at tasks.OptionsJobs.JobsA(OptionsJobs.java:27)
	at tasks.OptionsJobs.JobsA(OptionsJobs.java:27)
	at tasks.OptionsJobs.JobsA(OptionsJobs.java:27)
	at tasks.OptionsJobs.JobsA(OptionsJobs.java:27)
	at tasks.OptionsJobs.JobsA(OptionsJobs.java:27)
	at tasks.OptionsJobs.JobsA(OptionsJobs.java:27)
	at tasks.OptionsJobs.JobsA(OptionsJobs.java:27)
	at tasks.OptionsJobs.JobsA(OptionsJobs.java:27)
	at tasks.OptionsJobs.JobsA(OptionsJobs.java:27)
	at tasks.OptionsJobs.JobsA(OptionsJobs.java:27)
	at tasks.OptionsJobs.JobsA(OptionsJobs.java:27)
	at tasks.OptionsJobs.JobsA(OptionsJobs.java:27)
	at tasks.OptionsJobs.JobsA(OptionsJobs.java:27)
	at tasks.OptionsJobs.JobsA(OptionsJobs.java:27)
	at tasks.OptionsJobs.JobsA(OptionsJobs.java:27)
	at tasks.OptionsJobs.JobsA(OptionsJobs.java:27)
	at tasks.OptionsJobs.JobsA(OptionsJobs.java:27)
	at tasks.OptionsJobs.JobsA(OptionsJobs.java:27)
	at tasks.OptionsJobs.JobsA(OptionsJobs.java:27)
	at tasks.OptionsJobs.JobsA(OptionsJobs.java:27)
	at tasks.OptionsJobs.JobsA(OptionsJobs.java:27)
	at tasks.OptionsJobs.JobsA(OptionsJobs.java:27)
	at tasks.OptionsJobs.JobsA(OptionsJobs.java:27)
	at tasks.OptionsJobs.JobsA(OptionsJobs.java:27)
	at tasks.OptionsJobs.JobsA(OptionsJobs.java:27)
	at tasks.OptionsJobs.JobsA(OptionsJobs.java:27)
	at tasks.OptionsJobs.JobsA(OptionsJobs.java:27)
	at tasks.OptionsJobs.JobsA(OptionsJobs.java:27)
	at tasks.OptionsJobs.JobsA(OptionsJobs.java:27)
	at tasks.OptionsJobs.JobsA(OptionsJobs.java:27)
	at tasks.OptionsJobs.JobsA(OptionsJobs.java:27)
	at tasks.OptionsJobs.JobsA(OptionsJobs.java:27)
	at tasks.OptionsJobs.JobsA(OptionsJobs.java:27)
	at tasks.OptionsJobs.JobsA(OptionsJobs.java:27)
	at tasks.OptionsJobs.JobsA(OptionsJobs.java:27)
	at tasks.OptionsJobs.JobsA(OptionsJobs.java:27)
	at tasks.OptionsJobs.JobsA(OptionsJobs.java:27)
	at tasks.OptionsJobs.JobsA(OptionsJobs.java:27)
	at tasks.OptionsJobs.JobsA(OptionsJobs.java:27)
	at tasks.OptionsJobs.JobsA(OptionsJobs.java:27)
	at tasks.OptionsJobs.JobsA(OptionsJobs.java:27)
	at tasks.OptionsJobs.JobsA(OptionsJobs.java:27)
	at tasks.OptionsJobs.JobsA(OptionsJobs.java:27)
	at tasks.OptionsJobs.JobsA(OptionsJobs.java:27)
	at tasks.OptionsJobs.JobsA(OptionsJobs.java:27)
	at tasks.OptionsJobs.JobsA(OptionsJobs.java:27)
	at tasks.OptionsJobs.JobsA(OptionsJobs.java:27)
	at tasks.OptionsJobs.JobsA(OptionsJobs.java:27)
	at tasks.OptionsJobs.JobsA(OptionsJobs.java:27)
	at tasks.OptionsJobs.JobsA(OptionsJobs.java:27)
	at tasks.OptionsJobs.JobsA(OptionsJobs.java:27)
	at tasks.OptionsJobs.JobsA(OptionsJobs.java:27)
	at tasks.OptionsJobs.JobsA(OptionsJobs.java:27)
	at tasks.OptionsJobs.JobsA(OptionsJobs.java:27)
	at tasks.OptionsJobs.JobsA(OptionsJobs.java:27)
	at tasks.OptionsJobs.JobsA(OptionsJobs.java:27)
	at tasks.OptionsJobs.JobsA(OptionsJobs.java:27)
	at tasks.OptionsJobs.JobsA(OptionsJobs.java:27)
	at tasks.OptionsJobs.JobsA(OptionsJobs.java:27)
	at tasks.OptionsJobs.JobsA(OptionsJobs.java:27)
	at tasks.OptionsJobs.JobsA(OptionsJobs.java:27)
	at tasks.OptionsJobs.JobsA(OptionsJobs.java:27)
	at tasks.OptionsJobs.JobsA(OptionsJobs.java:27)
	at tasks.OptionsJobs.JobsA(OptionsJobs.java:27)
	at tasks.OptionsJobs.JobsA(OptionsJobs.java:27)
	at tasks.OptionsJobs.JobsA(OptionsJobs.java:27)
	at tasks.OptionsJobs.JobsA(OptionsJobs.java:27)
	at tasks.OptionsJobs.JobsA(OptionsJobs.java:27)
	at tasks.OptionsJobs.JobsA(OptionsJobs.java:27)
	at tasks.OptionsJobs.JobsA(OptionsJobs.java:27)
	at tasks.OptionsJobs.JobsA(OptionsJobs.java:27)
	at tasks.OptionsJobs.JobsA(OptionsJobs.java:27)
	at tasks.OptionsJobs.JobsA(OptionsJobs.java:27)
	at tasks.OptionsJobs.JobsA(OptionsJobs.java:27)
	at tasks.OptionsJobs.JobsA(OptionsJobs.java:27)
	at tasks.OptionsJobs.JobsA(OptionsJobs.java:27)
	at tasks.OptionsJobs.JobsA(OptionsJobs.java:27)
	at tasks.OptionsJobs.JobsA(OptionsJobs.java:27)
	at tasks.OptionsJobs.JobsA(OptionsJobs.java:27)
	at tasks.OptionsJobs.JobsA(OptionsJobs.java:27)
	at tasks.OptionsJobs.JobsA(OptionsJobs.java:27)
	at tasks.OptionsJobs.JobsA(OptionsJobs.java:27)
	at tasks.OptionsJobs.JobsA(OptionsJobs.java:27)
	at tasks.OptionsJobs.JobsA(OptionsJobs.java:27)
	at tasks.OptionsJobs.JobsA(OptionsJobs.java:27)
	at tasks.OptionsJobs.JobsA(OptionsJobs.java:27)
	at tasks.OptionsJobs.JobsA(OptionsJobs.java:27)
	at tasks.OptionsJobs.JobsA(OptionsJobs.java:27)
	at tasks.OptionsJobs.JobsA(OptionsJobs.java:27)
	at tasks.OptionsJobs.JobsA(OptionsJobs.java:27)
	at tasks.OptionsJobs.JobsA(OptionsJobs.java:27)
	at tasks.OptionsJobs.JobsA(OptionsJobs.java:27)
	at tasks.OptionsJobs.JobsA(OptionsJobs.java:27)
	at tasks.OptionsJobs.JobsA(OptionsJobs.java:27)
	at tasks.OptionsJobs.JobsA(OptionsJobs.java:27)
	at tasks.OptionsJobs.JobsA(OptionsJobs.java:27)
	at tasks.OptionsJobs.JobsA(OptionsJobs.java:27)
	at tasks.OptionsJobs.JobsA(OptionsJobs.java:27)
	at tasks.OptionsJobs.JobsA(OptionsJobs.java:27)
	at tasks.OptionsJobs.JobsA(OptionsJobs.java:27)
	at tasks.OptionsJobs.JobsA(OptionsJobs.java:27)
	at tasks.OptionsJobs.JobsA(OptionsJobs.java:27)
	at tasks.OptionsJobs.JobsA(OptionsJobs.java:27)
	at tasks.OptionsJobs.JobsA(OptionsJobs.java:27)
	at tasks.OptionsJobs.JobsA(OptionsJobs.java:27)
	at tasks.OptionsJobs.JobsA(OptionsJobs.java:27)
	at tasks.OptionsJobs.JobsA(OptionsJobs.java:27)
	at tasks.OptionsJobs.JobsA(OptionsJobs.java:27)
	at tasks.OptionsJobs.JobsA(OptionsJobs.java:27)
	at tasks.OptionsJobs.JobsA(OptionsJobs.java:27)
	at tasks.OptionsJobs.JobsA(OptionsJobs.java:27)
	at tasks.OptionsJobs.JobsA(OptionsJobs.java:27)
	at tasks.OptionsJobs.JobsA(OptionsJobs.java:27)
	at tasks.OptionsJobs.JobsA(OptionsJobs.java:27)
	at tasks.OptionsJobs.JobsA(OptionsJobs.java:27)
	at tasks.OptionsJobs.JobsA(OptionsJobs.java:27)
	at tasks.OptionsJobs.JobsA(OptionsJobs.java:27)
	at tasks.OptionsJobs.JobsA(OptionsJobs.java:27)
	at tasks.OptionsJobs.JobsA(OptionsJobs.java:27)
	at tasks.OptionsJobs.JobsA(OptionsJobs.java:27)
	at tasks.OptionsJobs.JobsA(OptionsJobs.java:27)
	at tasks.OptionsJobs.JobsA(OptionsJobs.java:27)
	at tasks.OptionsJobs.JobsA(OptionsJobs.java:27)
	at tasks.OptionsJobs.JobsA(OptionsJobs.java:27)
	at tasks.OptionsJobs.JobsA(OptionsJobs.java:27)
	at tasks.OptionsJobs.JobsA(OptionsJobs.java:27)
	at tasks.OptionsJobs.JobsA(OptionsJobs.java:27)
	at tasks.OptionsJobs.JobsA(OptionsJobs.java:27)
	at tasks.OptionsJobs.JobsA(OptionsJobs.java:27)
	at tasks.OptionsJobs.JobsA(OptionsJobs.java:27)
	at tasks.OptionsJobs.JobsA(OptionsJobs.java:27)
	at tasks.OptionsJobs.JobsA(OptionsJobs.java:27)
	at tasks.OptionsJobs.JobsA(OptionsJobs.java:27)
	at tasks.OptionsJobs.JobsA(OptionsJobs.java:27)
	at tasks.OptionsJobs.JobsA(OptionsJobs.java:27)
	at tasks.OptionsJobs.JobsA(OptionsJobs.java:27)
	at tasks.OptionsJobs.JobsA(OptionsJobs.java:27)
	at tasks.OptionsJobs.JobsA(OptionsJobs.java:27)
	at tasks.OptionsJobs.JobsA(OptionsJobs.java:27)
	at tasks.OptionsJobs.JobsA(OptionsJobs.java:27)
	at tasks.OptionsJobs.JobsA(OptionsJobs.java:27)
	at tasks.OptionsJobs.JobsA(OptionsJobs.java:27)
	at tasks.OptionsJobs.JobsA(OptionsJobs.java:27)
	at tasks.OptionsJobs.JobsA(OptionsJobs.java:27)
	at tasks.OptionsJobs.JobsA(OptionsJobs.java:27)
	at tasks.OptionsJobs.JobsA(OptionsJobs.java:27)
	at tasks.OptionsJobs.JobsA(OptionsJobs.java:27)
	at tasks.OptionsJobs.JobsA(OptionsJobs.java:27)
	at tasks.OptionsJobs.JobsA(OptionsJobs.java:27)
	at tasks.OptionsJobs.JobsA(OptionsJobs.java:27)
	at tasks.OptionsJobs.JobsA(OptionsJobs.java:27)
	at tasks.OptionsJobs.JobsA(OptionsJobs.java:27)
	at tasks.OptionsJobs.JobsA(OptionsJobs.java:27)
	at tasks.OptionsJobs.JobsA(OptionsJobs.java:27)
	at tasks.OptionsJobs.JobsA(OptionsJobs.java:27)
	at tasks.OptionsJobs.JobsA(OptionsJobs.java:27)
	at tasks.OptionsJobs.JobsA(OptionsJobs.java:27)
	at tasks.OptionsJobs.JobsA(OptionsJobs.java:27)
	at tasks.OptionsJobs.JobsA(OptionsJobs.java:27)
	at tasks.OptionsJobs.JobsA(OptionsJobs.java:27)
	at tasks.OptionsJobs.JobsA(OptionsJobs.java:27)
	at tasks.OptionsJobs.JobsA(OptionsJobs.java:27)
	at tasks.OptionsJobs.JobsA(OptionsJobs.java:27)
	at tasks.OptionsJobs.JobsA(OptionsJobs.java:27)
	at tasks.OptionsJobs.JobsA(OptionsJobs.java:27)
	at tasks.OptionsJobs.JobsA(OptionsJobs.java:27)
	at tasks.OptionsJobs.JobsA(OptionsJobs.java:27)
	at tasks.OptionsJobs.JobsA(OptionsJobs.java:27)
	at tasks.OptionsJobs.JobsA(OptionsJobs.java:27)
	at tasks.OptionsJobs.JobsA(OptionsJobs.java:27)
	at tasks.OptionsJobs.JobsA(OptionsJobs.java:27)
	at tasks.OptionsJobs.JobsA(OptionsJobs.java:27)
	at tasks.OptionsJobs.JobsA(OptionsJobs.java:27)
	at tasks.OptionsJobs.JobsA(OptionsJobs.java:27)
	at tasks.OptionsJobs.JobsA(OptionsJobs.java:27)
	at tasks.OptionsJobs.JobsA(OptionsJobs.java:27)
	at tasks.OptionsJobs.JobsA(OptionsJobs.java:27)
	at tasks.OptionsJobs.JobsA(OptionsJobs.java:27)
	at tasks.OptionsJobs.JobsA(OptionsJobs.java:27)
	at tasks.OptionsJobs.JobsA(OptionsJobs.java:27)
	at tasks.OptionsJobs.JobsA(OptionsJobs.java:27)
	at tasks.OptionsJobs.JobsA(OptionsJobs.java:27)
	at tasks.OptionsJobs.JobsA(OptionsJobs.java:27)
	at tasks.OptionsJobs.JobsA(OptionsJobs.java:27)
	at tasks.OptionsJobs.JobsA(OptionsJobs.java:27)
	at tasks.OptionsJobs.JobsA(OptionsJobs.java:27)
	at tasks.OptionsJobs.JobsA(OptionsJobs.java:27)
	at tasks.OptionsJobs.JobsA(OptionsJobs.java:27)
	at tasks.OptionsJobs.JobsA(OptionsJobs.java:27)
	at tasks.OptionsJobs.JobsA(OptionsJobs.java:27)
	at tasks.OptionsJobs.JobsA(OptionsJobs.java:27)
	at tasks.OptionsJobs.JobsA(OptionsJobs.java:27)
	at tasks.OptionsJobs.JobsA(OptionsJobs.java:27)
	at tasks.OptionsJobs.JobsA(OptionsJobs.java:27)
	at tasks.OptionsJobs.JobsA(OptionsJobs.java:27)
	at tasks.OptionsJobs.JobsA(OptionsJobs.java:27)
	at tasks.OptionsJobs.JobsA(OptionsJobs.java:27)
	at tasks.OptionsJobs.JobsA(OptionsJobs.java:27)
	at tasks.OptionsJobs.JobsA(OptionsJobs.java:27)
	at tasks.OptionsJobs.JobsA(OptionsJobs.java:27)
	at tasks.OptionsJobs.JobsA(OptionsJobs.java:27)
	at tasks.OptionsJobs.JobsA(OptionsJobs.java:27)
	at tasks.OptionsJobs.JobsA(OptionsJobs.java:27)
	at tasks.OptionsJobs.JobsA(OptionsJobs.java:27)
	at tasks.OptionsJobs.JobsA(OptionsJobs.java:27)
	at tasks.OptionsJobs.JobsA(OptionsJobs.java:27)
	at tasks.OptionsJobs.JobsA(OptionsJobs.java:27)
	at tasks.OptionsJobs.JobsA(OptionsJobs.java:27)
	at tasks.OptionsJobs.JobsA(OptionsJobs.java:27)
	at tasks.OptionsJobs.JobsA(OptionsJobs.java:27)
	at tasks.OptionsJobs.JobsA(OptionsJobs.java:27)
	at tasks.OptionsJobs.JobsA(OptionsJobs.java:27)
	at tasks.OptionsJobs.JobsA(OptionsJobs.java:27)
	at tasks.OptionsJobs.JobsA(OptionsJobs.java:27)
	at tasks.OptionsJobs.JobsA(OptionsJobs.java:27)
	at tasks.OptionsJobs.JobsA(OptionsJobs.java:27)
	at tasks.OptionsJobs.JobsA(OptionsJobs.java:27)
	at tasks.OptionsJobs.JobsA(OptionsJobs.java:27)
	at tasks.OptionsJobs.JobsA(OptionsJobs.java:27)
	at tasks.OptionsJobs.JobsA(OptionsJobs.java:27)
	at tasks.OptionsJobs.JobsA(OptionsJobs.java:27)
	at tasks.OptionsJobs.JobsA(OptionsJobs.java:27)
	at tasks.OptionsJobs.JobsA(OptionsJobs.java:27)
	at tasks.OptionsJobs.JobsA(OptionsJobs.java:27)
	at tasks.OptionsJobs.JobsA(OptionsJobs.java:27)
	at tasks.OptionsJobs.JobsA(OptionsJobs.java:27)
	at tasks.OptionsJobs.JobsA(OptionsJobs.java:27)
	at tasks.OptionsJobs.JobsA(OptionsJobs.java:27)
	at tasks.OptionsJobs.JobsA(OptionsJobs.java:27)
	at tasks.OptionsJobs.JobsA(OptionsJobs.java:27)
	at tasks.OptionsJobs.JobsA(OptionsJobs.java:27)
	at tasks.OptionsJobs.JobsA(OptionsJobs.java:27)
	at tasks.OptionsJobs.JobsA(OptionsJobs.java:27)
	at tasks.OptionsJobs.JobsA(OptionsJobs.java:27)
	at tasks.OptionsJobs.JobsA(OptionsJobs.java:27)
	at tasks.OptionsJobs.JobsA(OptionsJobs.java:27)
	at tasks.OptionsJobs.JobsA(OptionsJobs.java:27)
	at tasks.OptionsJobs.JobsA(OptionsJobs.java:27)
	at tasks.OptionsJobs.JobsA(OptionsJobs.java:27)
	at tasks.OptionsJobs.JobsA(OptionsJobs.java:27)
	at tasks.OptionsJobs.JobsA(OptionsJobs.java:27)
	at tasks.OptionsJobs.JobsA(OptionsJobs.java:27)
	at tasks.OptionsJobs.JobsA(OptionsJobs.java:27)
	at tasks.OptionsJobs.JobsA(OptionsJobs.java:27)
	at tasks.OptionsJobs.JobsA(OptionsJobs.java:27)
	at tasks.OptionsJobs.JobsA(OptionsJobs.java:27)
	at tasks.OptionsJobs.JobsA(OptionsJobs.java:27)
	at tasks.OptionsJobs.JobsA(OptionsJobs.java:27)
	at tasks.OptionsJobs.JobsA(OptionsJobs.java:27)
	at tasks.OptionsJobs.JobsA(OptionsJobs.java:27)
	at tasks.OptionsJobs.JobsA(OptionsJobs.java:27)
	at tasks.OptionsJobs.JobsA(OptionsJobs.java:27)
	at tasks.OptionsJobs.JobsA(OptionsJobs.java:27)
	at tasks.OptionsJobs.JobsA(OptionsJobs.java:27)
	at tasks.OptionsJobs.JobsA(OptionsJobs.java:27)
	at tasks.OptionsJobs.JobsA(OptionsJobs.java:27)
	at tasks.OptionsJobs.JobsA(OptionsJobs.java:27)
	at tasks.OptionsJobs.JobsA(OptionsJobs.java:27)
	at tasks.OptionsJobs.JobsA(OptionsJobs.java:27)
	at tasks.OptionsJobs.JobsA(OptionsJobs.java:27)
	at tasks.OptionsJobs.JobsA(OptionsJobs.java:27)
	at tasks.OptionsJobs.JobsA(OptionsJobs.java:27)
	at tasks.OptionsJobs.JobsA(OptionsJobs.java:27)
	at tasks.OptionsJobs.JobsA(OptionsJobs.java:27)
	at tasks.OptionsJobs.JobsA(OptionsJobs.java:27)
	at tasks.OptionsJobs.JobsA(OptionsJobs.java:27)
	at tasks.OptionsJobs.JobsA(OptionsJobs.java:27)
	at tasks.OptionsJobs.JobsA(OptionsJobs.java:27)
	at tasks.OptionsJobs.JobsA(OptionsJobs.java:27)
	at tasks.OptionsJobs.JobsA(OptionsJobs.java:27)
	at tasks.OptionsJobs.JobsA(OptionsJobs.java:27)
	at tasks.OptionsJobs.JobsA(OptionsJobs.java:27)
	at tasks.OptionsJobs.JobsA(OptionsJobs.java:27)
	at tasks.OptionsJobs.JobsA(OptionsJobs.java:27)
	at tasks.OptionsJobs.JobsA(OptionsJobs.java:27)
	at tasks.OptionsJobs.JobsA(OptionsJobs.java:27)
	at tasks.OptionsJobs.JobsA(OptionsJobs.java:27)
	at tasks.OptionsJobs.JobsA(OptionsJobs.java:27)
	at tasks.OptionsJobs.JobsA(OptionsJobs.java:27)
	at tasks.OptionsJobs.JobsA(OptionsJobs.java:27)
	at tasks.OptionsJobs.JobsA(OptionsJobs.java:27)
	at tasks.OptionsJobs.JobsA(OptionsJobs.java:27)
	at tasks.OptionsJobs.JobsA(OptionsJobs.java:27)
	at tasks.OptionsJobs.JobsA(OptionsJobs.java:27)
	at tasks.OptionsJobs.JobsA(OptionsJobs.java:27)
	at tasks.OptionsJobs.JobsA(OptionsJobs.java:27)
	at tasks.OptionsJobs.JobsA(OptionsJobs.java:27)
	at tasks.OptionsJobs.JobsA(OptionsJobs.java:27)
	at tasks.OptionsJobs.JobsA(OptionsJobs.java:27)
	at tasks.OptionsJobs.JobsA(OptionsJobs.java:27)
	at tasks.OptionsJobs.JobsA(OptionsJobs.java:27)
	at tasks.OptionsJobs.JobsA(OptionsJobs.java:27)
	at tasks.OptionsJobs.JobsA(OptionsJobs.java:27)
	at tasks.OptionsJobs.JobsA(OptionsJobs.java:27)
	at tasks.OptionsJobs.JobsA(OptionsJobs.java:27)
	at tasks.OptionsJobs.JobsA(OptionsJobs.java:27)
	at tasks.OptionsJobs.JobsA(OptionsJobs.java:27)
	at tasks.OptionsJobs.JobsA(OptionsJobs.java:27)
	at tasks.OptionsJobs.JobsA(OptionsJobs.java:27)
	at tasks.OptionsJobs.JobsA(OptionsJobs.java:27)
	at tasks.OptionsJobs.JobsA(OptionsJobs.java:27)
	at tasks.OptionsJobs.JobsA(OptionsJobs.java:27)
	at tasks.OptionsJobs.JobsA(OptionsJobs.java:27)
	at tasks.OptionsJobs.JobsA(OptionsJobs.java:27)
	at tasks.OptionsJobs.JobsA(OptionsJobs.java:27)
	at tasks.OptionsJobs.JobsA(OptionsJobs.java:27)
	at tasks.OptionsJobs.JobsA(OptionsJobs.java:27)
	at tasks.OptionsJobs.JobsA(OptionsJobs.java:27)
	at tasks.OptionsJobs.JobsA(OptionsJobs.java:27)
	at tasks.OptionsJobs.JobsA(OptionsJobs.java:27)
	at tasks.OptionsJobs.JobsA(OptionsJobs.java:27)
	at tasks.OptionsJobs.JobsA(OptionsJobs.java:27)
	at tasks.OptionsJobs.JobsA(OptionsJobs.java:27)
	at tasks.OptionsJobs.JobsA(OptionsJobs.java:27)
	at tasks.OptionsJobs.JobsA(OptionsJobs.java:27)
	at tasks.OptionsJobs.JobsA(OptionsJobs.java:27)
	at tasks.OptionsJobs.JobsA(OptionsJobs.java:27)
	at tasks.OptionsJobs.JobsA(OptionsJobs.java:27)
	at tasks.OptionsJobs.JobsA(OptionsJobs.java:27)
	at tasks.OptionsJobs.JobsA(OptionsJobs.java:27)
	at tasks.OptionsJobs.JobsA(OptionsJobs.java:27)
	at ?.user selects the job option(src/test/resources/features/VisualizarVacantes.feature:11)

]]></system-out>
  <system-err><![CDATA[[Test worker] INFO net.thucydides.core.steps.ConsoleLoggingListener - ?[36m

-------------------------------------------------------------------------------------
     _______. _______ .______       _______ .__   __.  __  .___________.____    ____ 
    /       ||   ____||   _  \     |   ____||  \ |  | |  | |           |\   \  /   / 
   |   (----`|  |__   |  |_)  |    |  |__   |   \|  | |  | `---|  |----` \   \/   /  
    \   \    |   __|  |      /     |   __|  |  . `  | |  |     |  |       \_    _/   
.----)   |   |  |____ |  |\  \----.|  |____ |  |\   | |  |     |  |         |  |     
|_______/    |_______|| _| `._____||_______||__| \__| |__|     |__|         |__|    
                                                                                     
 News and tutorials at http://www.serenity-bdd.info                                  
 Documentation at https://wakaleo.gitbooks.io/the-serenity-book/content/             
 Join the Serenity Community on Rocket Chat at https://serenity-bdd.rocket.chat      
 Serenity BDD Support and Training at http://serenity-bdd.info/#/trainingandsupport  
 Learn Serenity BDD online at http://serenity-dojo.com                               
-------------------------------------------------------------------------------------
?[0m
[Test worker] INFO net.thucydides.core.steps.ConsoleLoggingListener - Test Suite Started: Visualizar empleos disponibles de choucair pagina magneto
[Test worker] INFO net.thucydides.core.steps.ConsoleLoggingListener - 
 _____ _____ ____ _____   ____ _____  _    ____ _____ _____ ____  
|_   _| ____/ ___|_   _| / ___|_   _|/ \  |  _ \_   _| ____|  _ \ 
  | | |  _| \___ \ | |   \___ \ | | / _ \ | |_) || | |  _| | | | |
  | | | |___ ___) || |    ___) || |/ ___ \|  _ < | | | |___| |_| |
  |_| |_____|____/ |_|   |____/ |_/_/   \_\_| \_\|_| |_____|____/ 
                                                                  

TEST STARTED: View choucair jobs
-------------------------------------------------------------------(visualizarempleosdisponiblesdechoucairpaginamagneto;view-choucair-jobs)
[Test worker] ERROR net.thucydides.core.steps.ConsoleLoggingListener - 
           __  _____ _____ ____ _____   _____ _    ___ _     _____ ____  
  _       / / |_   _| ____/ ___|_   _| |  ___/ \  |_ _| |   | ____|  _ \ 
 (_)_____| |    | | |  _| \___ \ | |   | |_ / _ \  | || |   |  _| | | | |
  _|_____| |    | | | |___ ___) || |   |  _/ ___ \ | || |___| |___| |_| |
 (_)     | |    |_| |_____|____/ |_|   |_|/_/   \_\___|_____|_____|____/ 
          \_\                                                            

TEST FAILED WITH ERROR: View choucair jobs
---------------------------------------------------------------------
[Test worker] ERROR net.thucydides.core.steps.ConsoleLoggingListener - TEST FAILED AT STEP When user selects the job option
[Test worker] ERROR net.thucydides.core.steps.ConsoleLoggingListener - 
]]></system-err>
</testsuite>
