<?xml version="1.0" encoding="UTF-8"?>
<testsuite name="VisualizarEmpleosDisponiblesDeChoucairPaginaMagneto" tests="1" skipped="0" failures="1" errors="0" timestamp="2021-07-16T06:39:17" hostname="DOBLEU" time="16.695">
  <properties/>
  <testcase name="View choucair jobs" classname="VisualizarEmpleosDisponiblesDeChoucairPaginaMagneto" time="16.695">
    <failure message="java.lang.StackOverflowError" type="java.lang.StackOverflowError">java.lang.StackOverflowError
	at tasks.OptionsJobs.JobsA(OptionsJobs.java:27)
	at tasks.OptionsJobs.JobsA(OptionsJobs.java:27)
	at tasks.OptionsJobs.JobsA(OptionsJobs.java:27)
	at tasks.OptionsJobs.JobsA(OptionsJobs.java:27)
	at tasks.OptionsJobs.JobsA(OptionsJobs.java:27)
	at tasks.OptionsJobs.JobsA(OptionsJobs.java:27)
	at tasks.OptionsJobs.JobsA(OptionsJobs.java:27)
	at tasks.OptionsJobs.JobsA(OptionsJobs.java:27)
	at tasks.OptionsJobs.JobsA(OptionsJobs.java:27)
	at tasks.OptionsJobs.JobsA(OptionsJobs.java:27)
	at tasks.OptionsJobs.JobsA(OptionsJobs.java:27)
	at tasks.OptionsJobs.JobsA(OptionsJobs.java:27)
	at tasks.OptionsJobs.JobsA(OptionsJobs.java:27)
	at tasks.OptionsJobs.JobsA(OptionsJobs.java:27)
	at tasks.OptionsJobs.JobsA(OptionsJobs.java:27)
	at tasks.OptionsJobs.JobsA(OptionsJobs.java:27)
	at tasks.OptionsJobs.JobsA(OptionsJobs.java:27)
	at tasks.OptionsJobs.JobsA(OptionsJobs.java:27)
	at tasks.OptionsJobs.JobsA(OptionsJobs.java:27)
	at tasks.OptionsJobs.JobsA(OptionsJobs.java:27)
	at tasks.OptionsJobs.JobsA(OptionsJobs.java:27)
	at tasks.OptionsJobs.JobsA(OptionsJobs.java:27)
	at tasks.OptionsJobs.JobsA(OptionsJobs.java:27)
	at tasks.OptionsJobs.JobsA(OptionsJobs.java:27)
	at tasks.OptionsJobs.JobsA(OptionsJobs.java:27)
	at tasks.OptionsJobs.JobsA(OptionsJobs.java:27)
	at tasks.OptionsJobs.JobsA(OptionsJobs.java:27)
	at tasks.OptionsJobs.JobsA(OptionsJobs.java:27)
	at tasks.OptionsJobs.JobsA(OptionsJobs.java:27)
	at tasks.OptionsJobs.JobsA(OptionsJobs.java:27)
	at tasks.OptionsJobs.JobsA(OptionsJobs.java:27)
	at tasks.OptionsJobs.JobsA(OptionsJobs.java:27)
	at tasks.OptionsJobs.JobsA(OptionsJobs.java:27)
	at tasks.OptionsJobs.JobsA(OptionsJobs.java:27)
	at tasks.OptionsJobs.JobsA(OptionsJobs.java:27)
	at tasks.OptionsJobs.JobsA(OptionsJobs.java:27)
	at tasks.OptionsJobs.JobsA(OptionsJobs.java:27)
	at tasks.OptionsJobs.JobsA(OptionsJobs.java:27)
	at tasks.OptionsJobs.JobsA(OptionsJobs.java:27)
	at tasks.OptionsJobs.JobsA(OptionsJobs.java:27)
	at tasks.OptionsJobs.JobsA(OptionsJobs.java:27)
	at tasks.OptionsJobs.JobsA(OptionsJobs.java:27)
	at tasks.OptionsJobs.JobsA(OptionsJobs.java:27)
	at tasks.OptionsJobs.JobsA(OptionsJobs.java:27)
	at tasks.OptionsJobs.JobsA(OptionsJobs.java:27)
	at tasks.OptionsJobs.JobsA(OptionsJobs.java:27)
	at tasks.OptionsJobs.JobsA(OptionsJobs.java:27)
	at tasks.OptionsJobs.JobsA(OptionsJobs.java:27)
	at tasks.OptionsJobs.JobsA(OptionsJobs.java:27)
	at tasks.OptionsJobs.JobsA(OptionsJobs.java:27)
	at tasks.OptionsJobs.JobsA(OptionsJobs.java:27)
	at tasks.OptionsJobs.JobsA(OptionsJobs.java:27)
	at tasks.OptionsJobs.JobsA(OptionsJobs.java:27)
	at tasks.OptionsJobs.JobsA(OptionsJobs.java:27)
	at tasks.OptionsJobs.JobsA(OptionsJobs.java:27)
	at tasks.OptionsJobs.JobsA(OptionsJobs.java:27)
	at tasks.OptionsJobs.JobsA(OptionsJobs.java:27)
	at tasks.OptionsJobs.JobsA(OptionsJobs.java:27)
	at tasks.OptionsJobs.JobsA(OptionsJobs.java:27)
	at tasks.OptionsJobs.JobsA(OptionsJobs.java:27)
	at tasks.OptionsJobs.JobsA(OptionsJobs.java:27)
	at tasks.OptionsJobs.JobsA(OptionsJobs.java:27)
	at tasks.OptionsJobs.JobsA(OptionsJobs.java:27)
	at tasks.OptionsJobs.JobsA(OptionsJobs.java:27)
	at tasks.OptionsJobs.JobsA(OptionsJobs.java:27)
	at tasks.OptionsJobs.JobsA(OptionsJobs.java:27)
	at tasks.OptionsJobs.JobsA(OptionsJobs.java:27)
	at tasks.OptionsJobs.JobsA(OptionsJobs.java:27)
	at tasks.OptionsJobs.JobsA(OptionsJobs.java:27)
	at tasks.OptionsJobs.JobsA(OptionsJobs.java:27)
	at tasks.OptionsJobs.JobsA(OptionsJobs.java:27)
	at tasks.OptionsJobs.JobsA(OptionsJobs.java:27)
	at tasks.OptionsJobs.JobsA(OptionsJobs.java:27)
	at tasks.OptionsJobs.JobsA(OptionsJobs.java:27)
	at tasks.OptionsJobs.JobsA(OptionsJobs.java:27)
	at tasks.OptionsJobs.JobsA(OptionsJobs.java:27)
	at tasks.OptionsJobs.JobsA(OptionsJobs.java:27)
	at tasks.OptionsJobs.JobsA(OptionsJobs.java:27)
	at tasks.OptionsJobs.JobsA(OptionsJobs.java:27)
	at tasks.OptionsJobs.JobsA(OptionsJobs.java:27)
	at tasks.OptionsJobs.JobsA(OptionsJobs.java:27)
	at tasks.OptionsJobs.JobsA(OptionsJobs.java:27)
	at tasks.OptionsJobs.JobsA(OptionsJobs.java:27)
	at tasks.OptionsJobs.JobsA(OptionsJobs.java:27)
	at tasks.OptionsJobs.JobsA(OptionsJobs.java:27)
	at tasks.OptionsJobs.JobsA(OptionsJobs.java:27)
	at tasks.OptionsJobs.JobsA(OptionsJobs.java:27)
	at tasks.OptionsJobs.JobsA(OptionsJobs.java:27)
	at tasks.OptionsJobs.JobsA(OptionsJobs.java:27)
	at tasks.OptionsJobs.JobsA(OptionsJobs.java:27)
	at tasks.OptionsJobs.JobsA(OptionsJobs.java:27)
	at tasks.OptionsJobs.JobsA(OptionsJobs.java:27)
	at tasks.OptionsJobs.JobsA(OptionsJobs.java:27)
	at tasks.OptionsJobs.JobsA(OptionsJobs.java:27)
	at tasks.OptionsJobs.JobsA(OptionsJobs.java:27)
	at tasks.OptionsJobs.JobsA(OptionsJobs.java:27)
	at tasks.OptionsJobs.JobsA(OptionsJobs.java:27)
	at tasks.OptionsJobs.JobsA(OptionsJobs.java:27)
	at tasks.OptionsJobs.JobsA(OptionsJobs.java:27)
	at tasks.OptionsJobs.JobsA(OptionsJobs.java:27)
	at tasks.OptionsJobs.JobsA(OptionsJobs.java:27)
	at tasks.OptionsJobs.JobsA(OptionsJobs.java:27)
	at tasks.OptionsJobs.JobsA(OptionsJobs.java:27)
	at tasks.OptionsJobs.JobsA(OptionsJobs.java:27)
	at tasks.OptionsJobs.JobsA(OptionsJobs.java:27)
	at tasks.OptionsJobs.JobsA(OptionsJobs.java:27)
	at tasks.OptionsJobs.JobsA(OptionsJobs.java:27)
	at tasks.OptionsJobs.JobsA(OptionsJobs.java:27)
	at tasks.OptionsJobs.JobsA(OptionsJobs.java:27)
	at tasks.OptionsJobs.JobsA(OptionsJobs.java:27)
	at tasks.OptionsJobs.JobsA(OptionsJobs.java:27)
	at tasks.OptionsJobs.JobsA(OptionsJobs.java:27)
	at tasks.OptionsJobs.JobsA(OptionsJobs.java:27)
	at tasks.OptionsJobs.JobsA(OptionsJobs.java:27)
	at tasks.OptionsJobs.JobsA(OptionsJobs.java:27)
	at tasks.OptionsJobs.JobsA(OptionsJobs.java:27)
	at tasks.OptionsJobs.JobsA(OptionsJobs.java:27)
	at tasks.OptionsJobs.JobsA(OptionsJobs.java:27)
	at tasks.OptionsJobs.JobsA(OptionsJobs.java:27)
	at tasks.OptionsJobs.JobsA(OptionsJobs.java:27)
	at tasks.OptionsJobs.JobsA(OptionsJobs.java:27)
	at tasks.OptionsJobs.JobsA(OptionsJobs.java:27)
	at tasks.OptionsJobs.JobsA(OptionsJobs.java:27)
	at tasks.OptionsJobs.JobsA(OptionsJobs.java:27)
	at tasks.OptionsJobs.JobsA(OptionsJobs.java:27)
	at tasks.OptionsJobs.JobsA(OptionsJobs.java:27)
	at tasks.OptionsJobs.JobsA(OptionsJobs.java:27)
	at tasks.OptionsJobs.JobsA(OptionsJobs.java:27)
	at tasks.OptionsJobs.JobsA(OptionsJobs.java:27)
	at tasks.OptionsJobs.JobsA(OptionsJobs.java:27)
	at tasks.OptionsJobs.JobsA(OptionsJobs.java:27)
	at tasks.OptionsJobs.JobsA(OptionsJobs.java:27)
	at tasks.OptionsJobs.JobsA(OptionsJobs.java:27)
	at tasks.OptionsJobs.JobsA(OptionsJobs.java:27)
	at tasks.OptionsJobs.JobsA(OptionsJobs.java:27)
	at tasks.OptionsJobs.JobsA(OptionsJobs.java:27)
	at tasks.OptionsJobs.JobsA(OptionsJobs.java:27)
	at tasks.OptionsJobs.JobsA(OptionsJobs.java:27)
	at tasks.OptionsJobs.JobsA(OptionsJobs.java:27)
	at tasks.OptionsJobs.JobsA(OptionsJobs.java:27)
	at tasks.OptionsJobs.JobsA(OptionsJobs.java:27)
	at tasks.OptionsJobs.JobsA(OptionsJobs.java:27)
	at tasks.OptionsJobs.JobsA(OptionsJobs.java:27)
	at tasks.OptionsJobs.JobsA(OptionsJobs.java:27)
	at tasks.OptionsJobs.JobsA(OptionsJobs.java:27)
	at tasks.OptionsJobs.JobsA(OptionsJobs.java:27)
	at tasks.OptionsJobs.JobsA(OptionsJobs.java:27)
	at tasks.OptionsJobs.JobsA(OptionsJobs.java:27)
	at tasks.OptionsJobs.JobsA(OptionsJobs.java:27)
	at tasks.OptionsJobs.JobsA(OptionsJobs.java:27)
	at tasks.OptionsJobs.JobsA(OptionsJobs.java:27)
	at tasks.OptionsJobs.JobsA(OptionsJobs.java:27)
	at tasks.OptionsJobs.JobsA(OptionsJobs.java:27)
	at tasks.OptionsJobs.JobsA(OptionsJobs.java:27)
	at tasks.OptionsJobs.JobsA(OptionsJobs.java:27)
	at tasks.OptionsJobs.JobsA(OptionsJobs.java:27)
	at tasks.OptionsJobs.JobsA(OptionsJobs.java:27)
	at tasks.OptionsJobs.JobsA(OptionsJobs.java:27)
	at tasks.OptionsJobs.JobsA(OptionsJobs.java:27)
	at tasks.OptionsJobs.JobsA(OptionsJobs.java:27)
	at tasks.OptionsJobs.JobsA(OptionsJobs.java:27)
	at tasks.OptionsJobs.JobsA(OptionsJobs.java:27)
	at tasks.OptionsJobs.JobsA(OptionsJobs.java:27)
	at tasks.OptionsJobs.JobsA(OptionsJobs.java:27)
	at tasks.OptionsJobs.JobsA(OptionsJobs.java:27)
	at tasks.OptionsJobs.JobsA(OptionsJobs.java:27)
	at tasks.OptionsJobs.JobsA(OptionsJobs.java:27)
	at tasks.OptionsJobs.JobsA(OptionsJobs.java:27)
	at tasks.OptionsJobs.JobsA(OptionsJobs.java:27)
	at tasks.OptionsJobs.JobsA(OptionsJobs.java:27)
	at tasks.OptionsJobs.JobsA(OptionsJobs.java:27)
	at tasks.OptionsJobs.JobsA(OptionsJobs.java:27)
	at tasks.OptionsJobs.JobsA(OptionsJobs.java:27)
	at tasks.OptionsJobs.JobsA(OptionsJobs.java:27)
	at tasks.OptionsJobs.JobsA(OptionsJobs.java:27)
	at tasks.OptionsJobs.JobsA(OptionsJobs.java:27)
	at tasks.OptionsJobs.JobsA(OptionsJobs.java:27)
	at tasks.OptionsJobs.JobsA(OptionsJobs.java:27)
	at tasks.OptionsJobs.JobsA(OptionsJobs.java:27)
	at tasks.OptionsJobs.JobsA(OptionsJobs.java:27)
	at tasks.OptionsJobs.JobsA(OptionsJobs.java:27)
	at tasks.OptionsJobs.JobsA(OptionsJobs.java:27)
	at tasks.OptionsJobs.JobsA(OptionsJobs.java:27)
	at tasks.OptionsJobs.JobsA(OptionsJobs.java:27)
	at tasks.OptionsJobs.JobsA(OptionsJobs.java:27)
	at tasks.OptionsJobs.JobsA(OptionsJobs.java:27)
	at tasks.OptionsJobs.JobsA(OptionsJobs.java:27)
	at tasks.OptionsJobs.JobsA(OptionsJobs.java:27)
	at tasks.OptionsJobs.JobsA(OptionsJobs.java:27)
	at tasks.OptionsJobs.JobsA(OptionsJobs.java:27)
	at tasks.OptionsJobs.JobsA(OptionsJobs.java:27)
	at tasks.OptionsJobs.JobsA(OptionsJobs.java:27)
	at tasks.OptionsJobs.JobsA(OptionsJobs.java:27)
	at tasks.OptionsJobs.JobsA(OptionsJobs.java:27)
	at tasks.OptionsJobs.JobsA(OptionsJobs.java:27)
	at tasks.OptionsJobs.JobsA(OptionsJobs.java:27)
	at tasks.OptionsJobs.JobsA(OptionsJobs.java:27)
	at tasks.OptionsJobs.JobsA(OptionsJobs.java:27)
	at tasks.OptionsJobs.JobsA(OptionsJobs.java:27)
	at tasks.OptionsJobs.JobsA(OptionsJobs.java:27)
	at tasks.OptionsJobs.JobsA(OptionsJobs.java:27)
	at tasks.OptionsJobs.JobsA(OptionsJobs.java:27)
	at tasks.OptionsJobs.JobsA(OptionsJobs.java:27)
	at tasks.OptionsJobs.JobsA(OptionsJobs.java:27)
	at tasks.OptionsJobs.JobsA(OptionsJobs.java:27)
	at tasks.OptionsJobs.JobsA(OptionsJobs.java:27)
	at tasks.OptionsJobs.JobsA(OptionsJobs.java:27)
	at tasks.OptionsJobs.JobsA(OptionsJobs.java:27)
	at tasks.OptionsJobs.JobsA(OptionsJobs.java:27)
	at tasks.OptionsJobs.JobsA(OptionsJobs.java:27)
	at tasks.OptionsJobs.JobsA(OptionsJobs.java:27)
	at tasks.OptionsJobs.JobsA(OptionsJobs.java:27)
	at tasks.OptionsJobs.JobsA(OptionsJobs.java:27)
	at tasks.OptionsJobs.JobsA(OptionsJobs.java:27)
	at tasks.OptionsJobs.JobsA(OptionsJobs.java:27)
	at tasks.OptionsJobs.JobsA(OptionsJobs.java:27)
	at tasks.OptionsJobs.JobsA(OptionsJobs.java:27)
	at tasks.OptionsJobs.JobsA(OptionsJobs.java:27)
	at tasks.OptionsJobs.JobsA(OptionsJobs.java:27)
	at tasks.OptionsJobs.JobsA(OptionsJobs.java:27)
	at tasks.OptionsJobs.JobsA(OptionsJobs.java:27)
	at tasks.OptionsJobs.JobsA(OptionsJobs.java:27)
	at tasks.OptionsJobs.JobsA(OptionsJobs.java:27)
	at tasks.OptionsJobs.JobsA(OptionsJobs.java:27)
	at tasks.OptionsJobs.JobsA(OptionsJobs.java:27)
	at tasks.OptionsJobs.JobsA(OptionsJobs.java:27)
	at tasks.OptionsJobs.JobsA(OptionsJobs.java:27)
	at tasks.OptionsJobs.JobsA(OptionsJobs.java:27)
	at tasks.OptionsJobs.JobsA(OptionsJobs.java:27)
	at tasks.OptionsJobs.JobsA(OptionsJobs.java:27)
	at tasks.OptionsJobs.JobsA(OptionsJobs.java:27)
	at tasks.OptionsJobs.JobsA(OptionsJobs.java:27)
	at tasks.OptionsJobs.JobsA(OptionsJobs.java:27)
	at tasks.OptionsJobs.JobsA(OptionsJobs.java:27)
	at tasks.OptionsJobs.JobsA(OptionsJobs.java:27)
	at tasks.OptionsJobs.JobsA(OptionsJobs.java:27)
	at tasks.OptionsJobs.JobsA(OptionsJobs.java:27)
	at tasks.OptionsJobs.JobsA(OptionsJobs.java:27)
	at tasks.OptionsJobs.JobsA(OptionsJobs.java:27)
	at tasks.OptionsJobs.JobsA(OptionsJobs.java:27)
	at tasks.OptionsJobs.JobsA(OptionsJobs.java:27)
	at tasks.OptionsJobs.JobsA(OptionsJobs.java:27)
	at tasks.OptionsJobs.JobsA(OptionsJobs.java:27)
	at tasks.OptionsJobs.JobsA(OptionsJobs.java:27)
	at tasks.OptionsJobs.JobsA(OptionsJobs.java:27)
	at tasks.OptionsJobs.JobsA(OptionsJobs.java:27)
	at tasks.OptionsJobs.JobsA(OptionsJobs.java:27)
	at tasks.OptionsJobs.JobsA(OptionsJobs.java:27)
	at tasks.OptionsJobs.JobsA(OptionsJobs.java:27)
	at tasks.OptionsJobs.JobsA(OptionsJobs.java:27)
	at tasks.OptionsJobs.JobsA(OptionsJobs.java:27)
	at tasks.OptionsJobs.JobsA(OptionsJobs.java:27)
	at tasks.OptionsJobs.JobsA(OptionsJobs.java:27)
	at tasks.OptionsJobs.JobsA(OptionsJobs.java:27)
	at tasks.OptionsJobs.JobsA(OptionsJobs.java:27)
	at tasks.OptionsJobs.JobsA(OptionsJobs.java:27)
	at tasks.OptionsJobs.JobsA(OptionsJobs.java:27)
	at tasks.OptionsJobs.JobsA(OptionsJobs.java:27)
	at tasks.OptionsJobs.JobsA(OptionsJobs.java:27)
	at tasks.OptionsJobs.JobsA(OptionsJobs.java:27)
	at tasks.OptionsJobs.JobsA(OptionsJobs.java:27)
	at tasks.OptionsJobs.JobsA(OptionsJobs.java:27)
	at tasks.OptionsJobs.JobsA(OptionsJobs.java:27)
	at tasks.OptionsJobs.JobsA(OptionsJobs.java:27)
	at tasks.OptionsJobs.JobsA(OptionsJobs.java:27)
	at tasks.OptionsJobs.JobsA(OptionsJobs.java:27)
	at tasks.OptionsJobs.JobsA(OptionsJobs.java:27)
	at tasks.OptionsJobs.JobsA(OptionsJobs.java:27)
	at tasks.OptionsJobs.JobsA(OptionsJobs.java:27)
	at tasks.OptionsJobs.JobsA(OptionsJobs.java:27)
	at tasks.OptionsJobs.JobsA(OptionsJobs.java:27)
	at tasks.OptionsJobs.JobsA(OptionsJobs.java:27)
	at tasks.OptionsJobs.JobsA(OptionsJobs.java:27)
	at tasks.OptionsJobs.JobsA(OptionsJobs.java:27)
	at tasks.OptionsJobs.JobsA(OptionsJobs.java:27)
	at tasks.OptionsJobs.JobsA(OptionsJobs.java:27)
	at tasks.OptionsJobs.JobsA(OptionsJobs.java:27)
	at tasks.OptionsJobs.JobsA(OptionsJobs.java:27)
	at tasks.OptionsJobs.JobsA(OptionsJobs.java:27)
	at tasks.OptionsJobs.JobsA(OptionsJobs.java:27)
	at tasks.OptionsJobs.JobsA(OptionsJobs.java:27)
	at tasks.OptionsJobs.JobsA(OptionsJobs.java:27)
	at tasks.OptionsJobs.JobsA(OptionsJobs.java:27)
	at tasks.OptionsJobs.JobsA(OptionsJobs.java:27)
	at tasks.OptionsJobs.JobsA(OptionsJobs.java:27)
	at tasks.OptionsJobs.JobsA(OptionsJobs.java:27)
	at tasks.OptionsJobs.JobsA(OptionsJobs.java:27)
	at tasks.OptionsJobs.JobsA(OptionsJobs.java:27)
	at tasks.OptionsJobs.JobsA(OptionsJobs.java:27)
	at tasks.OptionsJobs.JobsA(OptionsJobs.java:27)
	at tasks.OptionsJobs.JobsA(OptionsJobs.java:27)
	at tasks.OptionsJobs.JobsA(OptionsJobs.java:27)
	at tasks.OptionsJobs.JobsA(OptionsJobs.java:27)
	at tasks.OptionsJobs.JobsA(OptionsJobs.java:27)
	at tasks.OptionsJobs.JobsA(OptionsJobs.java:27)
	at tasks.OptionsJobs.JobsA(OptionsJobs.java:27)
	at tasks.OptionsJobs.JobsA(OptionsJobs.java:27)
	at tasks.OptionsJobs.JobsA(OptionsJobs.java:27)
	at tasks.OptionsJobs.JobsA(OptionsJobs.java:27)
	at tasks.OptionsJobs.JobsA(OptionsJobs.java:27)
	at tasks.OptionsJobs.JobsA(OptionsJobs.java:27)
	at tasks.OptionsJobs.JobsA(OptionsJobs.java:27)
	at tasks.OptionsJobs.JobsA(OptionsJobs.java:27)
	at tasks.OptionsJobs.JobsA(OptionsJobs.java:27)
	at tasks.OptionsJobs.JobsA(OptionsJobs.java:27)
	at tasks.OptionsJobs.JobsA(OptionsJobs.java:27)
	at tasks.OptionsJobs.JobsA(OptionsJobs.java:27)
	at tasks.OptionsJobs.JobsA(OptionsJobs.java:27)
	at tasks.OptionsJobs.JobsA(OptionsJobs.java:27)
	at tasks.OptionsJobs.JobsA(OptionsJobs.java:27)
	at tasks.OptionsJobs.JobsA(OptionsJobs.java:27)
	at tasks.OptionsJobs.JobsA(OptionsJobs.java:27)
	at tasks.OptionsJobs.JobsA(OptionsJobs.java:27)
	at tasks.OptionsJobs.JobsA(OptionsJobs.java:27)
	at tasks.OptionsJobs.JobsA(OptionsJobs.java:27)
	at tasks.OptionsJobs.JobsA(OptionsJobs.java:27)
	at tasks.OptionsJobs.JobsA(OptionsJobs.java:27)
	at tasks.OptionsJobs.JobsA(OptionsJobs.java:27)
	at tasks.OptionsJobs.JobsA(OptionsJobs.java:27)
	at tasks.OptionsJobs.JobsA(OptionsJobs.java:27)
	at tasks.OptionsJobs.JobsA(OptionsJobs.java:27)
	at tasks.OptionsJobs.JobsA(OptionsJobs.java:27)
	at tasks.OptionsJobs.JobsA(OptionsJobs.java:27)
	at tasks.OptionsJobs.JobsA(OptionsJobs.java:27)
	at tasks.OptionsJobs.JobsA(OptionsJobs.java:27)
	at tasks.OptionsJobs.JobsA(OptionsJobs.java:27)
	at tasks.OptionsJobs.JobsA(OptionsJobs.java:27)
	at tasks.OptionsJobs.JobsA(OptionsJobs.java:27)
	at tasks.OptionsJobs.JobsA(OptionsJobs.java:27)
	at tasks.OptionsJobs.JobsA(OptionsJobs.java:27)
	at tasks.OptionsJobs.JobsA(OptionsJobs.java:27)
	at tasks.OptionsJobs.JobsA(OptionsJobs.java:27)
	at tasks.OptionsJobs.JobsA(OptionsJobs.java:27)
	at tasks.OptionsJobs.JobsA(OptionsJobs.java:27)
	at tasks.OptionsJobs.JobsA(OptionsJobs.java:27)
	at tasks.OptionsJobs.JobsA(OptionsJobs.java:27)
	at tasks.OptionsJobs.JobsA(OptionsJobs.java:27)
	at tasks.OptionsJobs.JobsA(OptionsJobs.java:27)
	at tasks.OptionsJobs.JobsA(OptionsJobs.java:27)
	at tasks.OptionsJobs.JobsA(OptionsJobs.java:27)
	at tasks.OptionsJobs.JobsA(OptionsJobs.java:27)
	at tasks.OptionsJobs.JobsA(OptionsJobs.java:27)
	at tasks.OptionsJobs.JobsA(OptionsJobs.java:27)
	at tasks.OptionsJobs.JobsA(OptionsJobs.java:27)
	at tasks.OptionsJobs.JobsA(OptionsJobs.java:27)
	at tasks.OptionsJobs.JobsA(OptionsJobs.java:27)
	at tasks.OptionsJobs.JobsA(OptionsJobs.java:27)
	at tasks.OptionsJobs.JobsA(OptionsJobs.java:27)
	at tasks.OptionsJobs.JobsA(OptionsJobs.java:27)
	at tasks.OptionsJobs.JobsA(OptionsJobs.java:27)
	at tasks.OptionsJobs.JobsA(OptionsJobs.java:27)
	at tasks.OptionsJobs.JobsA(OptionsJobs.java:27)
	at tasks.OptionsJobs.JobsA(OptionsJobs.java:27)
	at tasks.OptionsJobs.JobsA(OptionsJobs.java:27)
	at tasks.OptionsJobs.JobsA(OptionsJobs.java:27)
	at tasks.OptionsJobs.JobsA(OptionsJobs.java:27)
	at tasks.OptionsJobs.JobsA(OptionsJobs.java:27)
	at tasks.OptionsJobs.JobsA(OptionsJobs.java:27)
	at tasks.OptionsJobs.JobsA(OptionsJobs.java:27)
	at tasks.OptionsJobs.JobsA(OptionsJobs.java:27)
	at tasks.OptionsJobs.JobsA(OptionsJobs.java:27)
	at tasks.OptionsJobs.JobsA(OptionsJobs.java:27)
	at tasks.OptionsJobs.JobsA(OptionsJobs.java:27)
	at tasks.OptionsJobs.JobsA(OptionsJobs.java:27)
	at tasks.OptionsJobs.JobsA(OptionsJobs.java:27)
	at tasks.OptionsJobs.JobsA(OptionsJobs.java:27)
	at tasks.OptionsJobs.JobsA(OptionsJobs.java:27)
	at tasks.OptionsJobs.JobsA(OptionsJobs.java:27)
	at tasks.OptionsJobs.JobsA(OptionsJobs.java:27)
	at tasks.OptionsJobs.JobsA(OptionsJobs.java:27)
	at tasks.OptionsJobs.JobsA(OptionsJobs.java:27)
	at tasks.OptionsJobs.JobsA(OptionsJobs.java:27)
	at tasks.OptionsJobs.JobsA(OptionsJobs.java:27)
	at tasks.OptionsJobs.JobsA(OptionsJobs.java:27)
	at tasks.OptionsJobs.JobsA(OptionsJobs.java:27)
	at tasks.OptionsJobs.JobsA(OptionsJobs.java:27)
	at tasks.OptionsJobs.JobsA(OptionsJobs.java:27)
	at tasks.OptionsJobs.JobsA(OptionsJobs.java:27)
	at tasks.OptionsJobs.JobsA(OptionsJobs.java:27)
	at tasks.OptionsJobs.JobsA(OptionsJobs.java:27)
	at tasks.OptionsJobs.JobsA(OptionsJobs.java:27)
	at tasks.OptionsJobs.JobsA(OptionsJobs.java:27)
	at tasks.OptionsJobs.JobsA(OptionsJobs.java:27)
	at tasks.OptionsJobs.JobsA(OptionsJobs.java:27)
	at tasks.OptionsJobs.JobsA(OptionsJobs.java:27)
	at tasks.OptionsJobs.JobsA(OptionsJobs.java:27)
	at tasks.OptionsJobs.JobsA(OptionsJobs.java:27)
	at tasks.OptionsJobs.JobsA(OptionsJobs.java:27)
	at tasks.OptionsJobs.JobsA(OptionsJobs.java:27)
	at tasks.OptionsJobs.JobsA(OptionsJobs.java:27)
	at tasks.OptionsJobs.JobsA(OptionsJobs.java:27)
	at tasks.OptionsJobs.JobsA(OptionsJobs.java:27)
	at tasks.OptionsJobs.JobsA(OptionsJobs.java:27)
	at tasks.OptionsJobs.JobsA(OptionsJobs.java:27)
	at tasks.OptionsJobs.JobsA(OptionsJobs.java:27)
	at tasks.OptionsJobs.JobsA(OptionsJobs.java:27)
	at tasks.OptionsJobs.JobsA(OptionsJobs.java:27)
	at tasks.OptionsJobs.JobsA(OptionsJobs.java:27)
	at tasks.OptionsJobs.JobsA(OptionsJobs.java:27)
	at tasks.OptionsJobs.JobsA(OptionsJobs.java:27)
	at tasks.OptionsJobs.JobsA(OptionsJobs.java:27)
	at tasks.OptionsJobs.JobsA(OptionsJobs.java:27)
	at tasks.OptionsJobs.JobsA(OptionsJobs.java:27)
	at tasks.OptionsJobs.JobsA(OptionsJobs.java:27)
	at tasks.OptionsJobs.JobsA(OptionsJobs.java:27)
	at tasks.OptionsJobs.JobsA(OptionsJobs.java:27)
	at tasks.OptionsJobs.JobsA(OptionsJobs.java:27)
	at tasks.OptionsJobs.JobsA(OptionsJobs.java:27)
	at tasks.OptionsJobs.JobsA(OptionsJobs.java:27)
	at tasks.OptionsJobs.JobsA(OptionsJobs.java:27)
	at tasks.OptionsJobs.JobsA(OptionsJobs.java:27)
	at tasks.OptionsJobs.JobsA(OptionsJobs.java:27)
	at tasks.OptionsJobs.JobsA(OptionsJobs.java:27)
	at tasks.OptionsJobs.JobsA(OptionsJobs.java:27)
	at tasks.OptionsJobs.JobsA(OptionsJobs.java:27)
	at tasks.OptionsJobs.JobsA(OptionsJobs.java:27)
	at tasks.OptionsJobs.JobsA(OptionsJobs.java:27)
	at tasks.OptionsJobs.JobsA(OptionsJobs.java:27)
	at tasks.OptionsJobs.JobsA(OptionsJobs.java:27)
	at tasks.OptionsJobs.JobsA(OptionsJobs.java:27)
	at tasks.OptionsJobs.JobsA(OptionsJobs.java:27)
	at tasks.OptionsJobs.JobsA(OptionsJobs.java:27)
	at tasks.OptionsJobs.JobsA(OptionsJobs.java:27)
	at tasks.OptionsJobs.JobsA(OptionsJobs.java:27)
	at tasks.OptionsJobs.JobsA(OptionsJobs.java:27)
	at tasks.OptionsJobs.JobsA(OptionsJobs.java:27)
	at tasks.OptionsJobs.JobsA(OptionsJobs.java:27)
	at tasks.OptionsJobs.JobsA(OptionsJobs.java:27)
	at tasks.OptionsJobs.JobsA(OptionsJobs.java:27)
	at tasks.OptionsJobs.JobsA(OptionsJobs.java:27)
	at tasks.OptionsJobs.JobsA(OptionsJobs.java:27)
	at tasks.OptionsJobs.JobsA(OptionsJobs.java:27)
	at tasks.OptionsJobs.JobsA(OptionsJobs.java:27)
	at tasks.OptionsJobs.JobsA(OptionsJobs.java:27)
	at tasks.OptionsJobs.JobsA(OptionsJobs.java:27)
	at tasks.OptionsJobs.JobsA(OptionsJobs.java:27)
	at tasks.OptionsJobs.JobsA(OptionsJobs.java:27)
	at tasks.OptionsJobs.JobsA(OptionsJobs.java:27)
	at tasks.OptionsJobs.JobsA(OptionsJobs.java:27)
	at tasks.OptionsJobs.JobsA(OptionsJobs.java:27)
	at tasks.OptionsJobs.JobsA(OptionsJobs.java:27)
	at tasks.OptionsJobs.JobsA(OptionsJobs.java:27)
	at tasks.OptionsJobs.JobsA(OptionsJobs.java:27)
	at tasks.OptionsJobs.JobsA(OptionsJobs.java:27)
	at tasks.OptionsJobs.JobsA(OptionsJobs.java:27)
	at tasks.OptionsJobs.JobsA(OptionsJobs.java:27)
	at tasks.OptionsJobs.JobsA(OptionsJobs.java:27)
	at tasks.OptionsJobs.JobsA(OptionsJobs.java:27)
	at tasks.OptionsJobs.JobsA(OptionsJobs.java:27)
	at tasks.OptionsJobs.JobsA(OptionsJobs.java:27)
	at tasks.OptionsJobs.JobsA(OptionsJobs.java:27)
	at tasks.OptionsJobs.JobsA(OptionsJobs.java:27)
	at tasks.OptionsJobs.JobsA(OptionsJobs.java:27)
	at tasks.OptionsJobs.JobsA(OptionsJobs.java:27)
	at tasks.OptionsJobs.JobsA(OptionsJobs.java:27)
	at tasks.OptionsJobs.JobsA(OptionsJobs.java:27)
	at tasks.OptionsJobs.JobsA(OptionsJobs.java:27)
	at tasks.OptionsJobs.JobsA(OptionsJobs.java:27)
	at tasks.OptionsJobs.JobsA(OptionsJobs.java:27)
	at tasks.OptionsJobs.JobsA(OptionsJobs.java:27)
	at tasks.OptionsJobs.JobsA(OptionsJobs.java:27)
	at tasks.OptionsJobs.JobsA(OptionsJobs.java:27)
	at tasks.OptionsJobs.JobsA(OptionsJobs.java:27)
	at tasks.OptionsJobs.JobsA(OptionsJobs.java:27)
	at tasks.OptionsJobs.JobsA(OptionsJobs.java:27)
	at tasks.OptionsJobs.JobsA(OptionsJobs.java:27)
	at tasks.OptionsJobs.JobsA(OptionsJobs.java:27)
	at tasks.OptionsJobs.JobsA(OptionsJobs.java:27)
	at tasks.OptionsJobs.JobsA(OptionsJobs.java:27)
	at tasks.OptionsJobs.JobsA(OptionsJobs.java:27)
	at tasks.OptionsJobs.JobsA(OptionsJobs.java:27)
	at tasks.OptionsJobs.JobsA(OptionsJobs.java:27)
	at tasks.OptionsJobs.JobsA(OptionsJobs.java:27)
	at tasks.OptionsJobs.JobsA(OptionsJobs.java:27)
	at tasks.OptionsJobs.JobsA(OptionsJobs.java:27)
	at tasks.OptionsJobs.JobsA(OptionsJobs.java:27)
	at tasks.OptionsJobs.JobsA(OptionsJobs.java:27)
	at tasks.OptionsJobs.JobsA(OptionsJobs.java:27)
	at tasks.OptionsJobs.JobsA(OptionsJobs.java:27)
	at tasks.OptionsJobs.JobsA(OptionsJobs.java:27)
	at tasks.OptionsJobs.JobsA(OptionsJobs.java:27)
	at tasks.OptionsJobs.JobsA(OptionsJobs.java:27)
	at tasks.OptionsJobs.JobsA(OptionsJobs.java:27)
	at tasks.OptionsJobs.JobsA(OptionsJobs.java:27)
	at tasks.OptionsJobs.JobsA(OptionsJobs.java:27)
	at tasks.OptionsJobs.JobsA(OptionsJobs.java:27)
	at tasks.OptionsJobs.JobsA(OptionsJobs.java:27)
	at tasks.OptionsJobs.JobsA(OptionsJobs.java:27)
	at tasks.OptionsJobs.JobsA(OptionsJobs.java:27)
	at tasks.OptionsJobs.JobsA(OptionsJobs.java:27)
	at tasks.OptionsJobs.JobsA(OptionsJobs.java:27)
	at tasks.OptionsJobs.JobsA(OptionsJobs.java:27)
	at tasks.OptionsJobs.JobsA(OptionsJobs.java:27)
	at tasks.OptionsJobs.JobsA(OptionsJobs.java:27)
	at tasks.OptionsJobs.JobsA(OptionsJobs.java:27)
	at tasks.OptionsJobs.JobsA(OptionsJobs.java:27)
	at tasks.OptionsJobs.JobsA(OptionsJobs.java:27)
	at tasks.OptionsJobs.JobsA(OptionsJobs.java:27)
	at tasks.OptionsJobs.JobsA(OptionsJobs.java:27)
	at tasks.OptionsJobs.JobsA(OptionsJobs.java:27)
	at tasks.OptionsJobs.JobsA(OptionsJobs.java:27)
	at tasks.OptionsJobs.JobsA(OptionsJobs.java:27)
	at tasks.OptionsJobs.JobsA(OptionsJobs.java:27)
	at tasks.OptionsJobs.JobsA(OptionsJobs.java:27)
	at tasks.OptionsJobs.JobsA(OptionsJobs.java:27)
	at tasks.OptionsJobs.JobsA(OptionsJobs.java:27)
	at tasks.OptionsJobs.JobsA(OptionsJobs.java:27)
	at tasks.OptionsJobs.JobsA(OptionsJobs.java:27)
	at tasks.OptionsJobs.JobsA(OptionsJobs.java:27)
	at tasks.OptionsJobs.JobsA(OptionsJobs.java:27)
	at tasks.OptionsJobs.JobsA(OptionsJobs.java:27)
	at tasks.OptionsJobs.JobsA(OptionsJobs.java:27)
	at tasks.OptionsJobs.JobsA(OptionsJobs.java:27)
	at tasks.OptionsJobs.JobsA(OptionsJobs.java:27)
	at tasks.OptionsJobs.JobsA(OptionsJobs.java:27)
	at tasks.OptionsJobs.JobsA(OptionsJobs.java:27)
	at tasks.OptionsJobs.JobsA(OptionsJobs.java:27)
	at tasks.OptionsJobs.JobsA(OptionsJobs.java:27)
	at tasks.OptionsJobs.JobsA(OptionsJobs.java:27)
	at tasks.OptionsJobs.JobsA(OptionsJobs.java:27)
	at tasks.OptionsJobs.JobsA(OptionsJobs.java:27)
	at tasks.OptionsJobs.JobsA(OptionsJobs.java:27)
	at tasks.OptionsJobs.JobsA(OptionsJobs.java:27)
	at tasks.OptionsJobs.JobsA(OptionsJobs.java:27)
	at tasks.OptionsJobs.JobsA(OptionsJobs.java:27)
	at tasks.OptionsJobs.JobsA(OptionsJobs.java:27)
	at tasks.OptionsJobs.JobsA(OptionsJobs.java:27)
	at tasks.OptionsJobs.JobsA(OptionsJobs.java:27)
	at tasks.OptionsJobs.JobsA(OptionsJobs.java:27)
	at tasks.OptionsJobs.JobsA(OptionsJobs.java:27)
	at tasks.OptionsJobs.JobsA(OptionsJobs.java:27)
	at tasks.OptionsJobs.JobsA(OptionsJobs.java:27)
	at tasks.OptionsJobs.JobsA(OptionsJobs.java:27)
	at tasks.OptionsJobs.JobsA(OptionsJobs.java:27)
	at tasks.OptionsJobs.JobsA(OptionsJobs.java:27)
	at tasks.OptionsJobs.JobsA(OptionsJobs.java:27)
	at tasks.OptionsJobs.JobsA(OptionsJobs.java:27)
	at tasks.OptionsJobs.JobsA(OptionsJobs.java:27)
	at tasks.OptionsJobs.JobsA(OptionsJobs.java:27)
	at tasks.OptionsJobs.JobsA(OptionsJobs.java:27)
	at tasks.OptionsJobs.JobsA(OptionsJobs.java:27)
	at tasks.OptionsJobs.JobsA(OptionsJobs.java:27)
	at tasks.OptionsJobs.JobsA(OptionsJobs.java:27)
	at tasks.OptionsJobs.JobsA(OptionsJobs.java:27)
	at tasks.OptionsJobs.JobsA(OptionsJobs.java:27)
	at tasks.OptionsJobs.JobsA(OptionsJobs.java:27)
	at tasks.OptionsJobs.JobsA(OptionsJobs.java:27)
	at tasks.OptionsJobs.JobsA(OptionsJobs.java:27)
	at tasks.OptionsJobs.JobsA(OptionsJobs.java:27)
	at tasks.OptionsJobs.JobsA(OptionsJobs.java:27)
	at tasks.OptionsJobs.JobsA(OptionsJobs.java:27)
	at tasks.OptionsJobs.JobsA(OptionsJobs.java:27)
	at tasks.OptionsJobs.JobsA(OptionsJobs.java:27)
	at tasks.OptionsJobs.JobsA(OptionsJobs.java:27)
	at tasks.OptionsJobs.JobsA(OptionsJobs.java:27)
	at tasks.OptionsJobs.JobsA(OptionsJobs.java:27)
	at tasks.OptionsJobs.JobsA(OptionsJobs.java:27)
	at tasks.OptionsJobs.JobsA(OptionsJobs.java:27)
	at tasks.OptionsJobs.JobsA(OptionsJobs.java:27)
	at tasks.OptionsJobs.JobsA(OptionsJobs.java:27)
	at tasks.OptionsJobs.JobsA(OptionsJobs.java:27)
	at tasks.OptionsJobs.JobsA(OptionsJobs.java:27)
	at tasks.OptionsJobs.JobsA(OptionsJobs.java:27)
	at tasks.OptionsJobs.JobsA(OptionsJobs.java:27)
	at tasks.OptionsJobs.JobsA(OptionsJobs.java:27)
	at tasks.OptionsJobs.JobsA(OptionsJobs.java:27)
	at tasks.OptionsJobs.JobsA(OptionsJobs.java:27)
	at tasks.OptionsJobs.JobsA(OptionsJobs.java:27)
	at tasks.OptionsJobs.JobsA(OptionsJobs.java:27)
	at tasks.OptionsJobs.JobsA(OptionsJobs.java:27)
	at tasks.OptionsJobs.JobsA(OptionsJobs.java:27)
	at tasks.OptionsJobs.JobsA(OptionsJobs.java:27)
	at tasks.OptionsJobs.JobsA(OptionsJobs.java:27)
	at tasks.OptionsJobs.JobsA(OptionsJobs.java:27)
	at tasks.OptionsJobs.JobsA(OptionsJobs.java:27)
	at tasks.OptionsJobs.JobsA(OptionsJobs.java:27)
	at tasks.OptionsJobs.JobsA(OptionsJobs.java:27)
	at tasks.OptionsJobs.JobsA(OptionsJobs.java:27)
	at tasks.OptionsJobs.JobsA(OptionsJobs.java:27)
	at tasks.OptionsJobs.JobsA(OptionsJobs.java:27)
	at tasks.OptionsJobs.JobsA(OptionsJobs.java:27)
	at tasks.OptionsJobs.JobsA(OptionsJobs.java:27)
	at tasks.OptionsJobs.JobsA(OptionsJobs.java:27)
	at tasks.OptionsJobs.JobsA(OptionsJobs.java:27)
	at tasks.OptionsJobs.JobsA(OptionsJobs.java:27)
	at tasks.OptionsJobs.JobsA(OptionsJobs.java:27)
	at tasks.OptionsJobs.JobsA(OptionsJobs.java:27)
	at tasks.OptionsJobs.JobsA(OptionsJobs.java:27)
	at tasks.OptionsJobs.JobsA(OptionsJobs.java:27)
	at tasks.OptionsJobs.JobsA(OptionsJobs.java:27)
	at tasks.OptionsJobs.JobsA(OptionsJobs.java:27)
	at tasks.OptionsJobs.JobsA(OptionsJobs.java:27)
	at tasks.OptionsJobs.JobsA(OptionsJobs.java:27)
	at tasks.OptionsJobs.JobsA(OptionsJobs.java:27)
	at tasks.OptionsJobs.JobsA(OptionsJobs.java:27)
	at tasks.OptionsJobs.JobsA(OptionsJobs.java:27)
	at tasks.OptionsJobs.JobsA(OptionsJobs.java:27)
	at tasks.OptionsJobs.JobsA(OptionsJobs.java:27)
	at tasks.OptionsJobs.JobsA(OptionsJobs.java:27)
	at tasks.OptionsJobs.JobsA(OptionsJobs.java:27)
	at tasks.OptionsJobs.JobsA(OptionsJobs.java:27)
	at tasks.OptionsJobs.JobsA(OptionsJobs.java:27)
	at tasks.OptionsJobs.JobsA(OptionsJobs.java:27)
	at tasks.OptionsJobs.JobsA(OptionsJobs.java:27)
	at tasks.OptionsJobs.JobsA(OptionsJobs.java:27)
	at tasks.OptionsJobs.JobsA(OptionsJobs.java:27)
	at tasks.OptionsJobs.JobsA(OptionsJobs.java:27)
	at tasks.OptionsJobs.JobsA(OptionsJobs.java:27)
	at tasks.OptionsJobs.JobsA(OptionsJobs.java:27)
	at tasks.OptionsJobs.JobsA(OptionsJobs.java:27)
	at tasks.OptionsJobs.JobsA(OptionsJobs.java:27)
	at tasks.OptionsJobs.JobsA(OptionsJobs.java:27)
	at tasks.OptionsJobs.JobsA(OptionsJobs.java:27)
	at tasks.OptionsJobs.JobsA(OptionsJobs.java:27)
	at tasks.OptionsJobs.JobsA(OptionsJobs.java:27)
	at tasks.OptionsJobs.JobsA(OptionsJobs.java:27)
	at tasks.OptionsJobs.JobsA(OptionsJobs.java:27)
	at tasks.OptionsJobs.JobsA(OptionsJobs.java:27)
	at tasks.OptionsJobs.JobsA(OptionsJobs.java:27)
	at tasks.OptionsJobs.JobsA(OptionsJobs.java:27)
	at tasks.OptionsJobs.JobsA(OptionsJobs.java:27)
	at tasks.OptionsJobs.JobsA(OptionsJobs.java:27)
	at tasks.OptionsJobs.JobsA(OptionsJobs.java:27)
	at tasks.OptionsJobs.JobsA(OptionsJobs.java:27)
	at tasks.OptionsJobs.JobsA(OptionsJobs.java:27)
	at tasks.OptionsJobs.JobsA(OptionsJobs.java:27)
	at tasks.OptionsJobs.JobsA(OptionsJobs.java:27)
	at tasks.OptionsJobs.JobsA(OptionsJobs.java:27)
	at tasks.OptionsJobs.JobsA(OptionsJobs.java:27)
	at tasks.OptionsJobs.JobsA(OptionsJobs.java:27)
	at tasks.OptionsJobs.JobsA(OptionsJobs.java:27)
	at tasks.OptionsJobs.JobsA(OptionsJobs.java:27)
	at tasks.OptionsJobs.JobsA(OptionsJobs.java:27)
	at tasks.OptionsJobs.JobsA(OptionsJobs.java:27)
	at tasks.OptionsJobs.JobsA(OptionsJobs.java:27)
	at tasks.OptionsJobs.JobsA(OptionsJobs.java:27)
	at tasks.OptionsJobs.JobsA(OptionsJobs.java:27)
	at tasks.OptionsJobs.JobsA(OptionsJobs.java:27)
	at tasks.OptionsJobs.JobsA(OptionsJobs.java:27)
	at tasks.OptionsJobs.JobsA(OptionsJobs.java:27)
	at tasks.OptionsJobs.JobsA(OptionsJobs.java:27)
	at tasks.OptionsJobs.JobsA(OptionsJobs.java:27)
	at tasks.OptionsJobs.JobsA(OptionsJobs.java:27)
	at tasks.OptionsJobs.JobsA(OptionsJobs.java:27)
	at tasks.OptionsJobs.JobsA(OptionsJobs.java:27)
	at tasks.OptionsJobs.JobsA(OptionsJobs.java:27)
	at tasks.OptionsJobs.JobsA(OptionsJobs.java:27)
	at tasks.OptionsJobs.JobsA(OptionsJobs.java:27)
	at tasks.OptionsJobs.JobsA(OptionsJobs.java:27)
	at tasks.OptionsJobs.JobsA(OptionsJobs.java:27)
	at tasks.OptionsJobs.JobsA(OptionsJobs.java:27)
	at tasks.OptionsJobs.JobsA(OptionsJobs.java:27)
	at tasks.OptionsJobs.JobsA(OptionsJobs.java:27)
	at tasks.OptionsJobs.JobsA(OptionsJobs.java:27)
	at tasks.OptionsJobs.JobsA(OptionsJobs.java:27)
	at tasks.OptionsJobs.JobsA(OptionsJobs.java:27)
	at tasks.OptionsJobs.JobsA(OptionsJobs.java:27)
	at tasks.OptionsJobs.JobsA(OptionsJobs.java:27)
	at tasks.OptionsJobs.JobsA(OptionsJobs.java:27)
	at tasks.OptionsJobs.JobsA(OptionsJobs.java:27)
	at tasks.OptionsJobs.JobsA(OptionsJobs.java:27)
	at tasks.OptionsJobs.JobsA(OptionsJobs.java:27)
	at tasks.OptionsJobs.JobsA(OptionsJobs.java:27)
	at tasks.OptionsJobs.JobsA(OptionsJobs.java:27)
	at tasks.OptionsJobs.JobsA(OptionsJobs.java:27)
	at tasks.OptionsJobs.JobsA(OptionsJobs.java:27)
	at tasks.OptionsJobs.JobsA(OptionsJobs.java:27)
	at tasks.OptionsJobs.JobsA(OptionsJobs.java:27)
	at tasks.OptionsJobs.JobsA(OptionsJobs.java:27)
	at tasks.OptionsJobs.JobsA(OptionsJobs.java:27)
	at tasks.OptionsJobs.JobsA(OptionsJobs.java:27)
	at tasks.OptionsJobs.JobsA(OptionsJobs.java:27)
	at tasks.OptionsJobs.JobsA(OptionsJobs.java:27)
	at tasks.OptionsJobs.JobsA(OptionsJobs.java:27)
	at tasks.OptionsJobs.JobsA(OptionsJobs.java:27)
	at tasks.OptionsJobs.JobsA(OptionsJobs.java:27)
	at tasks.OptionsJobs.JobsA(OptionsJobs.java:27)
	at tasks.OptionsJobs.JobsA(OptionsJobs.java:27)
	at tasks.OptionsJobs.JobsA(OptionsJobs.java:27)
	at tasks.OptionsJobs.JobsA(OptionsJobs.java:27)
	at tasks.OptionsJobs.JobsA(OptionsJobs.java:27)
	at tasks.OptionsJobs.JobsA(OptionsJobs.java:27)
	at tasks.OptionsJobs.JobsA(OptionsJobs.java:27)
	at tasks.OptionsJobs.JobsA(OptionsJobs.java:27)
	at tasks.OptionsJobs.JobsA(OptionsJobs.java:27)
	at tasks.OptionsJobs.JobsA(OptionsJobs.java:27)
	at tasks.OptionsJobs.JobsA(OptionsJobs.java:27)
	at tasks.OptionsJobs.JobsA(OptionsJobs.java:27)
	at tasks.OptionsJobs.JobsA(OptionsJobs.java:27)
	at tasks.OptionsJobs.JobsA(OptionsJobs.java:27)
	at tasks.OptionsJobs.JobsA(OptionsJobs.java:27)
	at tasks.OptionsJobs.JobsA(OptionsJobs.java:27)
	at tasks.OptionsJobs.JobsA(OptionsJobs.java:27)
	at tasks.OptionsJobs.JobsA(OptionsJobs.java:27)
	at tasks.OptionsJobs.JobsA(OptionsJobs.java:27)
	at tasks.OptionsJobs.JobsA(OptionsJobs.java:27)
	at tasks.OptionsJobs.JobsA(OptionsJobs.java:27)
	at tasks.OptionsJobs.JobsA(OptionsJobs.java:27)
	at tasks.OptionsJobs.JobsA(OptionsJobs.java:27)
	at tasks.OptionsJobs.JobsA(OptionsJobs.java:27)
	at tasks.OptionsJobs.JobsA(OptionsJobs.java:27)
	at tasks.OptionsJobs.JobsA(OptionsJobs.java:27)
	at tasks.OptionsJobs.JobsA(OptionsJobs.java:27)
	at tasks.OptionsJobs.JobsA(OptionsJobs.java:27)
	at tasks.OptionsJobs.JobsA(OptionsJobs.java:27)
	at tasks.OptionsJobs.JobsA(OptionsJobs.java:27)
	at tasks.OptionsJobs.JobsA(OptionsJobs.java:27)
	at tasks.OptionsJobs.JobsA(OptionsJobs.java:27)
	at tasks.OptionsJobs.JobsA(OptionsJobs.java:27)
	at tasks.OptionsJobs.JobsA(OptionsJobs.java:27)
	at tasks.OptionsJobs.JobsA(OptionsJobs.java:27)
	at tasks.OptionsJobs.JobsA(OptionsJobs.java:27)
	at tasks.OptionsJobs.JobsA(OptionsJobs.java:27)
	at tasks.OptionsJobs.JobsA(OptionsJobs.java:27)
	at tasks.OptionsJobs.JobsA(OptionsJobs.java:27)
	at tasks.OptionsJobs.JobsA(OptionsJobs.java:27)
	at tasks.OptionsJobs.JobsA(OptionsJobs.java:27)
	at tasks.OptionsJobs.JobsA(OptionsJobs.java:27)
	at tasks.OptionsJobs.JobsA(OptionsJobs.java:27)
	at tasks.OptionsJobs.JobsA(OptionsJobs.java:27)
	at tasks.OptionsJobs.JobsA(OptionsJobs.java:27)
	at tasks.OptionsJobs.JobsA(OptionsJobs.java:27)
	at tasks.OptionsJobs.JobsA(OptionsJobs.java:27)
	at tasks.OptionsJobs.JobsA(OptionsJobs.java:27)
	at tasks.OptionsJobs.JobsA(OptionsJobs.java:27)
	at tasks.OptionsJobs.JobsA(OptionsJobs.java:27)
	at tasks.OptionsJobs.JobsA(OptionsJobs.java:27)
	at tasks.OptionsJobs.JobsA(OptionsJobs.java:27)
	at tasks.OptionsJobs.JobsA(OptionsJobs.java:27)
	at tasks.OptionsJobs.JobsA(OptionsJobs.java:27)
	at tasks.OptionsJobs.JobsA(OptionsJobs.java:27)
	at tasks.OptionsJobs.JobsA(OptionsJobs.java:27)
	at tasks.OptionsJobs.JobsA(OptionsJobs.java:27)
	at tasks.OptionsJobs.JobsA(OptionsJobs.java:27)
	at tasks.OptionsJobs.JobsA(OptionsJobs.java:27)
	at tasks.OptionsJobs.JobsA(OptionsJobs.java:27)
	at tasks.OptionsJobs.JobsA(OptionsJobs.java:27)
	at tasks.OptionsJobs.JobsA(OptionsJobs.java:27)
	at tasks.OptionsJobs.JobsA(OptionsJobs.java:27)
	at tasks.OptionsJobs.JobsA(OptionsJobs.java:27)
	at tasks.OptionsJobs.JobsA(OptionsJobs.java:27)
	at tasks.OptionsJobs.JobsA(OptionsJobs.java:27)
	at tasks.OptionsJobs.JobsA(OptionsJobs.java:27)
	at tasks.OptionsJobs.JobsA(OptionsJobs.java:27)
	at tasks.OptionsJobs.JobsA(OptionsJobs.java:27)
	at tasks.OptionsJobs.JobsA(OptionsJobs.java:27)
	at tasks.OptionsJobs.JobsA(OptionsJobs.java:27)
	at tasks.OptionsJobs.JobsA(OptionsJobs.java:27)
	at tasks.OptionsJobs.JobsA(OptionsJobs.java:27)
	at tasks.OptionsJobs.JobsA(OptionsJobs.java:27)
	at tasks.OptionsJobs.JobsA(OptionsJobs.java:27)
	at tasks.OptionsJobs.JobsA(OptionsJobs.java:27)
	at tasks.OptionsJobs.JobsA(OptionsJobs.java:27)
	at tasks.OptionsJobs.JobsA(OptionsJobs.java:27)
	at tasks.OptionsJobs.JobsA(OptionsJobs.java:27)
	at tasks.OptionsJobs.JobsA(OptionsJobs.java:27)
	at tasks.OptionsJobs.JobsA(OptionsJobs.java:27)
	at tasks.OptionsJobs.JobsA(OptionsJobs.java:27)
	at tasks.OptionsJobs.JobsA(OptionsJobs.java:27)
	at tasks.OptionsJobs.JobsA(OptionsJobs.java:27)
	at tasks.OptionsJobs.JobsA(OptionsJobs.java:27)
	at tasks.OptionsJobs.JobsA(OptionsJobs.java:27)
	at tasks.OptionsJobs.JobsA(OptionsJobs.java:27)
	at tasks.OptionsJobs.JobsA(OptionsJobs.java:27)
	at tasks.OptionsJobs.JobsA(OptionsJobs.java:27)
	at tasks.OptionsJobs.JobsA(OptionsJobs.java:27)
	at tasks.OptionsJobs.JobsA(OptionsJobs.java:27)
	at tasks.OptionsJobs.JobsA(OptionsJobs.java:27)
	at tasks.OptionsJobs.JobsA(OptionsJobs.java:27)
	at tasks.OptionsJobs.JobsA(OptionsJobs.java:27)
	at tasks.OptionsJobs.JobsA(OptionsJobs.java:27)
	at tasks.OptionsJobs.JobsA(OptionsJobs.java:27)
	at tasks.OptionsJobs.JobsA(OptionsJobs.java:27)
	at tasks.OptionsJobs.JobsA(OptionsJobs.java:27)
	at tasks.OptionsJobs.JobsA(OptionsJobs.java:27)
	at tasks.OptionsJobs.JobsA(OptionsJobs.java:27)
	at tasks.OptionsJobs.JobsA(OptionsJobs.java:27)
	at tasks.OptionsJobs.JobsA(OptionsJobs.java:27)
	at tasks.OptionsJobs.JobsA(OptionsJobs.java:27)
	at tasks.OptionsJobs.JobsA(OptionsJobs.java:27)
	at tasks.OptionsJobs.JobsA(OptionsJobs.java:27)
	at tasks.OptionsJobs.JobsA(OptionsJobs.java:27)
	at tasks.OptionsJobs.JobsA(OptionsJobs.java:27)
	at tasks.OptionsJobs.JobsA(OptionsJobs.java:27)
	at tasks.OptionsJobs.JobsA(OptionsJobs.java:27)
	at tasks.OptionsJobs.JobsA(OptionsJobs.java:27)
	at tasks.OptionsJobs.JobsA(OptionsJobs.java:27)
	at tasks.OptionsJobs.JobsA(OptionsJobs.java:27)
	at tasks.OptionsJobs.JobsA(OptionsJobs.java:27)
	at tasks.OptionsJobs.JobsA(OptionsJobs.java:27)
	at tasks.OptionsJobs.JobsA(OptionsJobs.java:27)
	at tasks.OptionsJobs.JobsA(OptionsJobs.java:27)
	at tasks.OptionsJobs.JobsA(OptionsJobs.java:27)
	at tasks.OptionsJobs.JobsA(OptionsJobs.java:27)
	at tasks.OptionsJobs.JobsA(OptionsJobs.java:27)
	at tasks.OptionsJobs.JobsA(OptionsJobs.java:27)
	at tasks.OptionsJobs.JobsA(OptionsJobs.java:27)
	at tasks.OptionsJobs.JobsA(OptionsJobs.java:27)
	at tasks.OptionsJobs.JobsA(OptionsJobs.java:27)
	at tasks.OptionsJobs.JobsA(OptionsJobs.java:27)
	at tasks.OptionsJobs.JobsA(OptionsJobs.java:27)
	at tasks.OptionsJobs.JobsA(OptionsJobs.java:27)
	at tasks.OptionsJobs.JobsA(OptionsJobs.java:27)
	at tasks.OptionsJobs.JobsA(OptionsJobs.java:27)
	at tasks.OptionsJobs.JobsA(OptionsJobs.java:27)
	at tasks.OptionsJobs.JobsA(OptionsJobs.java:27)
	at tasks.OptionsJobs.JobsA(OptionsJobs.java:27)
	at tasks.OptionsJobs.JobsA(OptionsJobs.java:27)
	at tasks.OptionsJobs.JobsA(OptionsJobs.java:27)
	at tasks.OptionsJobs.JobsA(OptionsJobs.java:27)
	at tasks.OptionsJobs.JobsA(OptionsJobs.java:27)
	at tasks.OptionsJobs.JobsA(OptionsJobs.java:27)
	at tasks.OptionsJobs.JobsA(OptionsJobs.java:27)
	at tasks.OptionsJobs.JobsA(OptionsJobs.java:27)
	at tasks.OptionsJobs.JobsA(OptionsJobs.java:27)
	at tasks.OptionsJobs.JobsA(OptionsJobs.java:27)
	at tasks.OptionsJobs.JobsA(OptionsJobs.java:27)
	at tasks.OptionsJobs.JobsA(OptionsJobs.java:27)
	at tasks.OptionsJobs.JobsA(OptionsJobs.java:27)
	at tasks.OptionsJobs.JobsA(OptionsJobs.java:27)
	at tasks.OptionsJobs.JobsA(OptionsJobs.java:27)
	at tasks.OptionsJobs.JobsA(OptionsJobs.java:27)
	at tasks.OptionsJobs.JobsA(OptionsJobs.java:27)
	at tasks.OptionsJobs.JobsA(OptionsJobs.java:27)
	at tasks.OptionsJobs.JobsA(OptionsJobs.java:27)
	at tasks.OptionsJobs.JobsA(OptionsJobs.java:27)
	at tasks.OptionsJobs.JobsA(OptionsJobs.java:27)
	at tasks.OptionsJobs.JobsA(OptionsJobs.java:27)
	at tasks.OptionsJobs.JobsA(OptionsJobs.java:27)
	at tasks.OptionsJobs.JobsA(OptionsJobs.java:27)
	at tasks.OptionsJobs.JobsA(OptionsJobs.java:27)
	at tasks.OptionsJobs.JobsA(OptionsJobs.java:27)
	at tasks.OptionsJobs.JobsA(OptionsJobs.java:27)
	at tasks.OptionsJobs.JobsA(OptionsJobs.java:27)
	at tasks.OptionsJobs.JobsA(OptionsJobs.java:27)
	at tasks.OptionsJobs.JobsA(OptionsJobs.java:27)
	at tasks.OptionsJobs.JobsA(OptionsJobs.java:27)
	at tasks.OptionsJobs.JobsA(OptionsJobs.java:27)
	at tasks.OptionsJobs.JobsA(OptionsJobs.java:27)
	at tasks.OptionsJobs.JobsA(OptionsJobs.java:27)
	at tasks.OptionsJobs.JobsA(OptionsJobs.java:27)
	at tasks.OptionsJobs.JobsA(OptionsJobs.java:27)
	at tasks.OptionsJobs.JobsA(OptionsJobs.java:27)
	at tasks.OptionsJobs.JobsA(OptionsJobs.java:27)
	at tasks.OptionsJobs.JobsA(OptionsJobs.java:27)
	at tasks.OptionsJobs.JobsA(OptionsJobs.java:27)
	at tasks.OptionsJobs.JobsA(OptionsJobs.java:27)
	at tasks.OptionsJobs.JobsA(OptionsJobs.java:27)
	at tasks.OptionsJobs.JobsA(OptionsJobs.java:27)
	at tasks.OptionsJobs.JobsA(OptionsJobs.java:27)
	at tasks.OptionsJobs.JobsA(OptionsJobs.java:27)
	at tasks.OptionsJobs.JobsA(OptionsJobs.java:27)
	at tasks.OptionsJobs.JobsA(OptionsJobs.java:27)
	at tasks.OptionsJobs.JobsA(OptionsJobs.java:27)
	at tasks.OptionsJobs.JobsA(OptionsJobs.java:27)
	at tasks.OptionsJobs.JobsA(OptionsJobs.java:27)
	at tasks.OptionsJobs.JobsA(OptionsJobs.java:27)
	at tasks.OptionsJobs.JobsA(OptionsJobs.java:27)
	at tasks.OptionsJobs.JobsA(OptionsJobs.java:27)
	at tasks.OptionsJobs.JobsA(OptionsJobs.java:27)
	at tasks.OptionsJobs.JobsA(OptionsJobs.java:27)
	at tasks.OptionsJobs.JobsA(OptionsJobs.java:27)
	at tasks.OptionsJobs.JobsA(OptionsJobs.java:27)
	at tasks.OptionsJobs.JobsA(OptionsJobs.java:27)
	at tasks.OptionsJobs.JobsA(OptionsJobs.java:27)
	at tasks.OptionsJobs.JobsA(OptionsJobs.java:27)
	at tasks.OptionsJobs.JobsA(OptionsJobs.java:27)
	at tasks.OptionsJobs.JobsA(OptionsJobs.java:27)
	at tasks.OptionsJobs.JobsA(OptionsJobs.java:27)
	at tasks.OptionsJobs.JobsA(OptionsJobs.java:27)
	at tasks.OptionsJobs.JobsA(OptionsJobs.java:27)
	at tasks.OptionsJobs.JobsA(OptionsJobs.java:27)
	at tasks.OptionsJobs.JobsA(OptionsJobs.java:27)
	at tasks.OptionsJobs.JobsA(OptionsJobs.java:27)
	at tasks.OptionsJobs.JobsA(OptionsJobs.java:27)
	at tasks.OptionsJobs.JobsA(OptionsJobs.java:27)
	at tasks.OptionsJobs.JobsA(OptionsJobs.java:27)
	at tasks.OptionsJobs.JobsA(OptionsJobs.java:27)
	at tasks.OptionsJobs.JobsA(OptionsJobs.java:27)
	at tasks.OptionsJobs.JobsA(OptionsJobs.java:27)
	at tasks.OptionsJobs.JobsA(OptionsJobs.java:27)
	at tasks.OptionsJobs.JobsA(OptionsJobs.java:27)
	at tasks.OptionsJobs.JobsA(OptionsJobs.java:27)
	at tasks.OptionsJobs.JobsA(OptionsJobs.java:27)
	at tasks.OptionsJobs.JobsA(OptionsJobs.java:27)
	at tasks.OptionsJobs.JobsA(OptionsJobs.java:27)
	at tasks.OptionsJobs.JobsA(OptionsJobs.java:27)
	at tasks.OptionsJobs.JobsA(OptionsJobs.java:27)
	at tasks.OptionsJobs.JobsA(OptionsJobs.java:27)
	at tasks.OptionsJobs.JobsA(OptionsJobs.java:27)
	at tasks.OptionsJobs.JobsA(OptionsJobs.java:27)
	at tasks.OptionsJobs.JobsA(OptionsJobs.java:27)
	at tasks.OptionsJobs.JobsA(OptionsJobs.java:27)
	at tasks.OptionsJobs.JobsA(OptionsJobs.java:27)
	at tasks.OptionsJobs.JobsA(OptionsJobs.java:27)
	at tasks.OptionsJobs.JobsA(OptionsJobs.java:27)
	at tasks.OptionsJobs.JobsA(OptionsJobs.java:27)
	at tasks.OptionsJobs.JobsA(OptionsJobs.java:27)
	at tasks.OptionsJobs.JobsA(OptionsJobs.java:27)
	at tasks.OptionsJobs.JobsA(OptionsJobs.java:27)
	at tasks.OptionsJobs.JobsA(OptionsJobs.java:27)
	at tasks.OptionsJobs.JobsA(OptionsJobs.java:27)
	at tasks.OptionsJobs.JobsA(OptionsJobs.java:27)
	at tasks.OptionsJobs.JobsA(OptionsJobs.java:27)
	at tasks.OptionsJobs.JobsA(OptionsJobs.java:27)
	at tasks.OptionsJobs.JobsA(OptionsJobs.java:27)
	at tasks.OptionsJobs.JobsA(OptionsJobs.java:27)
	at tasks.OptionsJobs.JobsA(OptionsJobs.java:27)
	at tasks.OptionsJobs.JobsA(OptionsJobs.java:27)
	at tasks.OptionsJobs.JobsA(OptionsJobs.java:27)
	at tasks.OptionsJobs.JobsA(OptionsJobs.java:27)
	at tasks.OptionsJobs.JobsA(OptionsJobs.java:27)
	at tasks.OptionsJobs.JobsA(OptionsJobs.java:27)
	at tasks.OptionsJobs.JobsA(OptionsJobs.java:27)
	at tasks.OptionsJobs.JobsA(OptionsJobs.java:27)
	at tasks.OptionsJobs.JobsA(OptionsJobs.java:27)
	at tasks.OptionsJobs.JobsA(OptionsJobs.java:27)
	at tasks.OptionsJobs.JobsA(OptionsJobs.java:27)
	at tasks.OptionsJobs.JobsA(OptionsJobs.java:27)
	at tasks.OptionsJobs.JobsA(OptionsJobs.java:27)
	at tasks.OptionsJobs.JobsA(OptionsJobs.java:27)
	at tasks.OptionsJobs.JobsA(OptionsJobs.java:27)
	at tasks.OptionsJobs.JobsA(OptionsJobs.java:27)
	at tasks.OptionsJobs.JobsA(OptionsJobs.java:27)
	at tasks.OptionsJobs.JobsA(OptionsJobs.java:27)
	at tasks.OptionsJobs.JobsA(OptionsJobs.java:27)
	at tasks.OptionsJobs.JobsA(OptionsJobs.java:27)
	at tasks.OptionsJobs.JobsA(OptionsJobs.java:27)
	at tasks.OptionsJobs.JobsA(OptionsJobs.java:27)
	at tasks.OptionsJobs.JobsA(OptionsJobs.java:27)
	at tasks.OptionsJobs.JobsA(OptionsJobs.java:27)
	at tasks.OptionsJobs.JobsA(OptionsJobs.java:27)
	at tasks.OptionsJobs.JobsA(OptionsJobs.java:27)
	at tasks.OptionsJobs.JobsA(OptionsJobs.java:27)
	at tasks.OptionsJobs.JobsA(OptionsJobs.java:27)
	at tasks.OptionsJobs.JobsA(OptionsJobs.java:27)
	at tasks.OptionsJobs.JobsA(OptionsJobs.java:27)
	at tasks.OptionsJobs.JobsA(OptionsJobs.java:27)
	at tasks.OptionsJobs.JobsA(OptionsJobs.java:27)
	at tasks.OptionsJobs.JobsA(OptionsJobs.java:27)
	at tasks.OptionsJobs.JobsA(OptionsJobs.java:27)
	at tasks.OptionsJobs.JobsA(OptionsJobs.java:27)
	at tasks.OptionsJobs.JobsA(OptionsJobs.java:27)
	at tasks.OptionsJobs.JobsA(OptionsJobs.java:27)
	at tasks.OptionsJobs.JobsA(OptionsJobs.java:27)
	at tasks.OptionsJobs.JobsA(OptionsJobs.java:27)
	at tasks.OptionsJobs.JobsA(OptionsJobs.java:27)
	at tasks.OptionsJobs.JobsA(OptionsJobs.java:27)
	at tasks.OptionsJobs.JobsA(OptionsJobs.java:27)
	at tasks.OptionsJobs.JobsA(OptionsJobs.java:27)
	at tasks.OptionsJobs.JobsA(OptionsJobs.java:27)
	at tasks.OptionsJobs.JobsA(OptionsJobs.java:27)
	at tasks.OptionsJobs.JobsA(OptionsJobs.java:27)
	at tasks.OptionsJobs.JobsA(OptionsJobs.java:27)
	at tasks.OptionsJobs.JobsA(OptionsJobs.java:27)
	at tasks.OptionsJobs.JobsA(OptionsJobs.java:27)
	at tasks.OptionsJobs.JobsA(OptionsJobs.java:27)
	at tasks.OptionsJobs.JobsA(OptionsJobs.java:27)
	at tasks.OptionsJobs.JobsA(OptionsJobs.java:27)
	at tasks.OptionsJobs.JobsA(OptionsJobs.java:27)
	at tasks.OptionsJobs.JobsA(OptionsJobs.java:27)
	at tasks.OptionsJobs.JobsA(OptionsJobs.java:27)
	at tasks.OptionsJobs.JobsA(OptionsJobs.java:27)
	at tasks.OptionsJobs.JobsA(OptionsJobs.java:27)
	at tasks.OptionsJobs.JobsA(OptionsJobs.java:27)
	at tasks.OptionsJobs.JobsA(OptionsJobs.java:27)
	at tasks.OptionsJobs.JobsA(OptionsJobs.java:27)
	at tasks.OptionsJobs.JobsA(OptionsJobs.java:27)
	at tasks.OptionsJobs.JobsA(OptionsJobs.java:27)
	at tasks.OptionsJobs.JobsA(OptionsJobs.java:27)
	at tasks.OptionsJobs.JobsA(OptionsJobs.java:27)
	at tasks.OptionsJobs.JobsA(OptionsJobs.java:27)
	at tasks.OptionsJobs.JobsA(OptionsJobs.java:27)
	at tasks.OptionsJobs.JobsA(OptionsJobs.java:27)
	at tasks.OptionsJobs.JobsA(OptionsJobs.java:27)
	at tasks.OptionsJobs.JobsA(OptionsJobs.java:27)
	at tasks.OptionsJobs.JobsA(OptionsJobs.java:27)
	at tasks.OptionsJobs.JobsA(OptionsJobs.java:27)
	at tasks.OptionsJobs.JobsA(OptionsJobs.java:27)
	at tasks.OptionsJobs.JobsA(OptionsJobs.java:27)
	at tasks.OptionsJobs.JobsA(OptionsJobs.java:27)
	at tasks.OptionsJobs.JobsA(OptionsJobs.java:27)
	at tasks.OptionsJobs.JobsA(OptionsJobs.java:27)
	at tasks.OptionsJobs.JobsA(OptionsJobs.java:27)
	at tasks.OptionsJobs.JobsA(OptionsJobs.java:27)
	at tasks.OptionsJobs.JobsA(OptionsJobs.java:27)
	at tasks.OptionsJobs.JobsA(OptionsJobs.java:27)
	at tasks.OptionsJobs.JobsA(OptionsJobs.java:27)
	at tasks.OptionsJobs.JobsA(OptionsJobs.java:27)
	at tasks.OptionsJobs.JobsA(OptionsJobs.java:27)
	at tasks.OptionsJobs.JobsA(OptionsJobs.java:27)
	at tasks.OptionsJobs.JobsA(OptionsJobs.java:27)
	at tasks.OptionsJobs.JobsA(OptionsJobs.java:27)
	at tasks.OptionsJobs.JobsA(OptionsJobs.java:27)
	at tasks.OptionsJobs.JobsA(OptionsJobs.java:27)
	at tasks.OptionsJobs.JobsA(OptionsJobs.java:27)
	at tasks.OptionsJobs.JobsA(OptionsJobs.java:27)
	at tasks.OptionsJobs.JobsA(OptionsJobs.java:27)
	at tasks.OptionsJobs.JobsA(OptionsJobs.java:27)
	at tasks.OptionsJobs.JobsA(OptionsJobs.java:27)
	at tasks.OptionsJobs.JobsA(OptionsJobs.java:27)
	at tasks.OptionsJobs.JobsA(OptionsJobs.java:27)
	at tasks.OptionsJobs.JobsA(OptionsJobs.java:27)
	at tasks.OptionsJobs.JobsA(OptionsJobs.java:27)
	at tasks.OptionsJobs.JobsA(OptionsJobs.java:27)
	at tasks.OptionsJobs.JobsA(OptionsJobs.java:27)
	at tasks.OptionsJobs.JobsA(OptionsJobs.java:27)
	at tasks.OptionsJobs.JobsA(OptionsJobs.java:27)
	at tasks.OptionsJobs.JobsA(OptionsJobs.java:27)
	at tasks.OptionsJobs.JobsA(OptionsJobs.java:27)
	at tasks.OptionsJobs.JobsA(OptionsJobs.java:27)
	at tasks.OptionsJobs.JobsA(OptionsJobs.java:27)
	at tasks.OptionsJobs.JobsA(OptionsJobs.java:27)
	at tasks.OptionsJobs.JobsA(OptionsJobs.java:27)
	at tasks.OptionsJobs.JobsA(OptionsJobs.java:27)
	at tasks.OptionsJobs.JobsA(OptionsJobs.java:27)
	at tasks.OptionsJobs.JobsA(OptionsJobs.java:27)
	at tasks.OptionsJobs.JobsA(OptionsJobs.java:27)
	at tasks.OptionsJobs.JobsA(OptionsJobs.java:27)
	at tasks.OptionsJobs.JobsA(OptionsJobs.java:27)
	at tasks.OptionsJobs.JobsA(OptionsJobs.java:27)
	at tasks.OptionsJobs.JobsA(OptionsJobs.java:27)
	at tasks.OptionsJobs.JobsA(OptionsJobs.java:27)
	at tasks.OptionsJobs.JobsA(OptionsJobs.java:27)
	at ✽.user selects the job option(src/test/resources/features/VisualizarVacantes.feature:11)
</failure>
  </testcase>
  <system-out><![CDATA[]]></system-out>
  <system-err><![CDATA[[Test worker] INFO net.thucydides.core.steps.ConsoleLoggingListener - STARTING STEP Given the user is on the choucair website
[Test worker] INFO net.thucydides.core.steps.ConsoleLoggingListener - STARTING STEP user opens the Home page
jul 16, 2021 1:39:18 AM org.openqa.selenium.remote.DesiredCapabilities chrome
INFORMACIÓN: Using `new ChromeOptions()` is preferred to `DesiredCapabilities.chrome()`
Starting ChromeDriver 91.0.4472.101 (af52a90bf87030dd1523486a1cd3ae25c5d76c9b-refs/branch-heads/4472@{#1462}) on port 28976
Only local connections are allowed.
Please see https://chromedriver.chromium.org/security-considerations for suggestions on keeping ChromeDriver safe.
ChromeDriver was started successfully.
jul 16, 2021 1:39:20 AM org.openqa.selenium.remote.ProtocolHandshake createSession
INFORMACIÓN: Detected dialect: W3C
[Test worker] INFO net.thucydides.core.steps.ConsoleLoggingListener - FINISHING STEP
[Test worker] INFO net.thucydides.core.steps.ConsoleLoggingListener - FINISHING STEP
[Test worker] INFO net.thucydides.core.steps.ConsoleLoggingListener - STARTING STEP When user selects the job option
[Test worker] INFO net.thucydides.core.steps.ConsoleLoggingListener - STEP ERROR: java.lang.StackOverflowError
[Test worker] INFO net.thucydides.core.steps.ConsoleLoggingListener - STARTING STEP And click on the go to job portal button
[Test worker] INFO net.thucydides.core.steps.ConsoleLoggingListener - IGNORING STEP
[Test worker] INFO net.thucydides.core.steps.ConsoleLoggingListener - STARTING STEP And open magnetos website
[Test worker] INFO net.thucydides.core.steps.ConsoleLoggingListener - IGNORING STEP
[Test worker] INFO net.thucydides.core.steps.ConsoleLoggingListener - STARTING STEP And click on the option know our vacancies
[Test worker] INFO net.thucydides.core.steps.ConsoleLoggingListener - IGNORING STEP
[Test worker] INFO net.thucydides.core.steps.ConsoleLoggingListener - STARTING STEP Then the user will be able to view offers
[Test worker] INFO net.thucydides.core.steps.ConsoleLoggingListener - IGNORING STEP
[Test worker] ERROR net.thucydides.core.steps.ConsoleLoggingListener - 
           __  _____ _____ ____ _____   _____ _    ___ _     _____ ____  
  _       / / |_   _| ____/ ___|_   _| |  ___/ \  |_ _| |   | ____|  _ \ 
 (_)_____| |    | | |  _| \___ \ | |   | |_ / _ \  | || |   |  _| | | | |
  _|_____| |    | | | |___ ___) || |   |  _/ ___ \ | || |___| |___| |_| |
 (_)     | |    |_| |_____|____/ |_|   |_|/_/   \_\___|_____|_____|____/ 
          \_\                                                            

TEST FAILED WITH ERROR: View choucair jobs
---------------------------------------------------------------------
[Test worker] ERROR net.thucydides.core.steps.ConsoleLoggingListener - TEST FAILED AT STEP When user selects the job option
[Test worker] ERROR net.thucydides.core.steps.ConsoleLoggingListener - 
]]></system-err>
</testsuite>
